[ns_server:info,2020-03-27T19:45:30.054Z,babysitter_of_ns_1@cb.local:<0.92.0>:ns_babysitter:init_logging:123]Brought up babysitter logging
[ns_server:info,2020-03-27T19:45:30.067Z,babysitter_of_ns_1@cb.local:<0.92.0>:ns_babysitter:log_pending:88]Static config terms:
[{error_logger_mf_dir,"/opt/couchbase/var/lib/couchbase/logs"},
 {path_config_bindir,"/opt/couchbase/bin"},
 {path_config_etcdir,"/opt/couchbase/etc/couchbase"},
 {path_config_libdir,"/opt/couchbase/lib"},
 {path_config_datadir,"/opt/couchbase/var/lib/couchbase"},
 {path_config_tmpdir,"/opt/couchbase/var/lib/couchbase/tmp"},
 {path_config_secdir,"/opt/couchbase/etc/security"},
 {nodefile,"/opt/couchbase/var/lib/couchbase/couchbase-server.node"},
 {loglevel_default,debug},
 {loglevel_couchdb,info},
 {loglevel_ns_server,debug},
 {loglevel_error_logger,debug},
 {loglevel_user,debug},
 {loglevel_menelaus,debug},
 {loglevel_ns_doctor,debug},
 {loglevel_stats,debug},
 {loglevel_rebalance,debug},
 {loglevel_cluster,debug},
 {loglevel_views,debug},
 {loglevel_mapreduce_errors,debug},
 {loglevel_xdcr,debug},
 {loglevel_access,info},
 {loglevel_cbas,debug},
 {disk_sink_opts,[{rotation,[{compress,true},
                             {size,41943040},
                             {num_files,10},
                             {buffer_size_max,52428800}]}]},
 {disk_sink_opts_json_rpc,[{rotation,[{compress,true},
                                      {size,41943040},
                                      {num_files,2},
                                      {buffer_size_max,52428800}]}]},
 {net_kernel_verbosity,10}]
[ns_server:debug,2020-03-27T19:45:30.069Z,babysitter_of_ns_1@cb.local:<0.92.0>:dist_manager:configure_net_kernel:293]Set net_kernel vebosity to 10 -> 0
[ns_server:info,2020-03-27T19:45:30.074Z,babysitter_of_ns_1@cb.local:<0.92.0>:ns_babysitter:start:62]babysitter cookie: '14d64dc56c0bef99c1b389e21bb22aa4630e0621ed8bebf3a98e0da4f4fe5bc5'

[ns_server:info,2020-03-27T19:45:30.112Z,babysitter_of_ns_1@cb.local:<0.92.0>:ns_babysitter:maybe_write_file:78]Saved babysitter cookie to /opt/couchbase/var/lib/couchbase/couchbase-server.babysitter.cookie
[ns_server:info,2020-03-27T19:45:30.135Z,babysitter_of_ns_1@cb.local:<0.92.0>:ns_babysitter:maybe_write_file:78]Saved babysitter node name to /opt/couchbase/var/lib/couchbase/couchbase-server.babysitter.node
[ns_server:info,2020-03-27T19:45:30.152Z,babysitter_of_ns_1@cb.local:ns_crash_log<0.102.0>:ns_crash_log:init:57]crash_log path: /opt/couchbase/var/lib/couchbase/logs/crash_log_v2.bin
[ns_server:warn,2020-03-27T19:45:30.160Z,babysitter_of_ns_1@cb.local:ns_crash_log<0.102.0>:ns_crash_log:read_crash_log:148]Couldn't load crash_log from /opt/couchbase/var/lib/couchbase/logs/crash_log_v2.bin (perhaps it's first startup): {error,
                                                                                                                   enoent}
[error_logger:info,2020-03-27T19:45:30.160Z,babysitter_of_ns_1@cb.local:error_logger<0.32.0>:ale_error_logger_handler:do_log:203]
=========================PROGRESS REPORT=========================
          supervisor: {local,ns_babysitter_sup}
             started: [{pid,<0.102.0>},
                       {id,ns_crash_log},
                       {mfargs,{ns_crash_log,start_link,[]}},
                       {restart_type,permanent},
                       {shutdown,1000},
                       {child_type,worker}]

[ns_server:debug,2020-03-27T19:45:30.168Z,babysitter_of_ns_1@cb.local:encryption_service<0.103.0>:encryption_service:init:160]Encrypted data key is not found in "/opt/couchbase/var/lib/couchbase/config/encrypted_data_keys"
[ns_server:debug,2020-03-27T19:45:30.168Z,babysitter_of_ns_1@cb.local:<0.104.0>:encryption_service:start_gosecrets:251]Starting "/opt/couchbase/bin/gosecrets"
[ns_server:debug,2020-03-27T19:45:30.172Z,babysitter_of_ns_1@cb.local:encryption_service<0.103.0>:encryption_service:start_gosecrets:256]Gosecrets loop started with pid = <0.104.0>
[ns_server:debug,2020-03-27T19:45:30.172Z,babysitter_of_ns_1@cb.local:encryption_service<0.103.0>:encryption_service:set_password:140]Sending password to gosecrets
[ns_server:debug,2020-03-27T19:45:30.179Z,babysitter_of_ns_1@cb.local:encryption_service<0.103.0>:encryption_service:init:176]Create new data key.
[error_logger:info,2020-03-27T19:45:30.215Z,babysitter_of_ns_1@cb.local:error_logger<0.32.0>:ale_error_logger_handler:do_log:203]
=========================PROGRESS REPORT=========================
          supervisor: {local,ns_babysitter_sup}
             started: [{pid,<0.103.0>},
                       {id,encryption_service},
                       {mfargs,{encryption_service,start_link,[]}},
                       {restart_type,permanent},
                       {shutdown,1000},
                       {child_type,worker}]

[ns_server:debug,2020-03-27T19:45:30.308Z,babysitter_of_ns_1@cb.local:<0.107.0>:supervisor_cushion:init:39]starting ns_port_server with delay of 5000
[ns_server:debug,2020-03-27T19:45:30.320Z,babysitter_of_ns_1@cb.local:<0.106.0>:restartable:start_child:98]Started child process <0.107.0>
  MFA: {supervisor_cushion,start_link,
                           [ns_server,5000,infinity,ns_port_server,start_link,
                            [#Fun<ns_child_ports_sup.4.69815219>]]}
[error_logger:info,2020-03-27T19:45:30.320Z,babysitter_of_ns_1@cb.local:error_logger<0.32.0>:ale_error_logger_handler:do_log:203]
=========================PROGRESS REPORT=========================
          supervisor: {local,child_ns_server_sup}
             started: [{pid,<0.106.0>},
                       {id,{ns_server,"/opt/couchbase/lib/erlang/bin/erl",
                               ["+A","16","-smp","enable","+sbt","u","+P",
                                "327680","+K","true","+swt","low","+sbwt",
                                "none","+MMmcs","30","+e102400","-setcookie",
                                "nocookie","-kernel","error_logger","false",
                                "-sasl","sasl_error_logger","false","-user",
                                "user_io","-run","child_erlang","child_start",
                                "ns_bootstrap","--","-smp","enable","-kernel",
                                "error_logger","false","inetrc",
                                "\"/opt/couchbase/etc/couchbase/hosts.cfg\"",
                                "dist_config_file",
                                "\"/opt/couchbase/var/lib/couchbase/config/dist_cfg\"",
                                "-proto_dist","cb","-epmd_module","cb_epmd",
                                "-ssl_dist_optfile",
                                "/opt/couchbase/etc/couchbase/ssl_dist_opts",
                                "-kernel","global_enable_tracing","false",
                                "-couch_ini",
                                "/opt/couchbase/etc/couchdb/default.ini",
                                "/opt/couchbase/etc/couchdb/default.d/capi.ini",
                                "/opt/couchbase/etc/couchdb/default.d/geocouch.ini",
                                "/opt/couchbase/etc/couchdb/local.ini"],
                               [{env,
                                    [{"NS_SERVER_BABYSITTER_COOKIE",
                                      "14d64dc56c0bef99c1b389e21bb22aa4630e0621ed8bebf3a98e0da4f4fe5bc5"},
                                     {"NS_SERVER_BABYSITTER_PID","42"},
                                     {"CHILD_ERLANG_ENV_ARGS",
                                      "[{sasl,\n     [{errlog_type,all},{included_applications,[]},{sasl_error_logger,false}]},\n {ns_babysitter,\n     [{nodefile,\n          \"/opt/couchbase/var/lib/couchbase/couchbase-server.babysitter.node\"},\n      {included_applications,[]},\n      {pidfile,\"/opt/couchbase/var/lib/couchbase/couchbase-server.pid\"},\n      {cookiefile,\n          \"/opt/couchbase/var/lib/couchbase/couchbase-server.babysitter.cookie\"}]},\n {ns_server,\n     [{loglevel_default,debug},\n      {max_t,10},\n      {path_config_tmpdir,\"/opt/couchbase/var/lib/couchbase/tmp\"},\n      {path_config_datadir,\"/opt/couchbase/var/lib/couchbase\"},\n      {disk_sink_opts,\n          [{rotation,\n               [{compress,true},\n                {size,41943040},\n                {num_files,10},\n                {buffer_size_max,52428800}]}]},\n      {error_logger_mf_dir,\"/opt/couchbase/var/lib/couchbase/logs\"},\n      {path_config_libdir,\"/opt/couchbase/lib\"},\n      {path_config_secdir,\"/opt/couchbase/etc/security\"},\n      {loglevel_cluster,debug},\n      {config_path,\"/opt/couchbase/etc/couchbase/static_config\"},\n      {loglevel_couchdb,info},\n      {nodefile,\"/opt/couchbase/var/lib/couchbase/couchbase-server.node\"},\n      {loglevel_access,info},\n      {loglevel_error_logger,debug},\n      {loglevel_rebalance,debug},\n      {loglevel_menelaus,debug},\n      {loglevel_mapreduce_errors,debug},\n      {loglevel_stats,debug},\n      {max_r,20},\n      {loglevel_ns_doctor,debug},\n      {loglevel_cbas,debug},\n      {loglevel_ns_server,debug},\n      {path_config_bindir,\"/opt/couchbase/bin\"},\n      {loglevel_user,debug},\n      {included_applications,[]},\n      {net_kernel_verbosity,10},\n      {path_config_etcdir,\"/opt/couchbase/etc/couchbase\"},\n      {loglevel_views,debug},\n      {disk_sink_opts_json_rpc,\n          [{rotation,\n               [{compress,true},\n                {size,41943040},\n                {num_files,2},\n                {buffer_size_max,52428800}]}]},\n      {loglevel_xdcr,debug}]}]"},
                                     {"ERL_CRASH_DUMP",
                                      "erl_crash.dump.1585338326.42.ns_server"}]},
                                exit_status,use_stdio,stream,eof]}},
                       {mfargs,
                           {restartable,start_link,
                               [{supervisor_cushion,start_link,
                                    [ns_server,5000,infinity,ns_port_server,
                                     start_link,
                                     [#Fun<ns_child_ports_sup.4.69815219>]]},
                                86400000]}},
                       {restart_type,permanent},
                       {shutdown,infinity},
                       {child_type,worker}]

[error_logger:info,2020-03-27T19:45:30.321Z,babysitter_of_ns_1@cb.local:error_logger<0.32.0>:ale_error_logger_handler:do_log:203]
=========================PROGRESS REPORT=========================
          supervisor: {local,ns_babysitter_sup}
             started: [{pid,<0.105.0>},
                       {id,child_ns_server_sup},
                       {mfargs,{child_ns_server_sup,start_link,[]}},
                       {restart_type,permanent},
                       {shutdown,infinity},
                       {child_type,supervisor}]

[error_logger:info,2020-03-27T19:45:30.321Z,babysitter_of_ns_1@cb.local:error_logger<0.32.0>:ale_error_logger_handler:do_log:203]
=========================PROGRESS REPORT=========================
          supervisor: {local,ns_babysitter_sup}
             started: [{pid,<0.109.0>},
                       {id,ns_child_ports_sup},
                       {mfargs,{ns_child_ports_sup,start_link,[]}},
                       {restart_type,permanent},
                       {shutdown,infinity},
                       {child_type,supervisor}]

[error_logger:info,2020-03-27T19:45:30.330Z,babysitter_of_ns_1@cb.local:error_logger<0.32.0>:ale_error_logger_handler:do_log:203]
=========================PROGRESS REPORT=========================
          supervisor: {local,ns_babysitter_sup}
             started: [{pid,<0.110.0>},
                       {id,ns_ports_manager},
                       {mfargs,{ns_ports_manager,start_link,[]}},
                       {restart_type,permanent},
                       {shutdown,1000},
                       {child_type,worker}]

[ns_server:info,2020-03-27T19:45:30.330Z,babysitter_of_ns_1@cb.local:<0.5.0>:ns_babysitter_bootstrap:start:26]42: babysitter has started
[error_logger:info,2020-03-27T19:45:30.330Z,babysitter_of_ns_1@cb.local:error_logger<0.32.0>:ale_error_logger_handler:do_log:203]
=========================PROGRESS REPORT=========================
         application: ns_babysitter
          started_at: 'babysitter_of_ns_1@cb.local'

[ns_server:debug,2020-03-27T19:45:32.386Z,babysitter_of_ns_1@cb.local:cb_dist<0.54.0>:cb_dist:info_msg:754]cb_dist: Accepted new connection from <0.58.0>: {con,
                                                 #Ref<0.3610098256.3973054465.233198>,
                                                 inet_tcp_dist,undefined,
                                                 undefined}
[ns_server:debug,2020-03-27T19:45:32.386Z,babysitter_of_ns_1@cb.local:net_kernel<0.57.0>:cb_dist:info_msg:754]cb_dist: Accepting connection from acceptor <0.58.0> using module inet_tcp_dist
[ns_server:debug,2020-03-27T19:45:32.386Z,babysitter_of_ns_1@cb.local:cb_dist<0.54.0>:cb_dist:info_msg:754]cb_dist: Updated connection: {con,#Ref<0.3610098256.3973054465.233198>,
                                  inet_tcp_dist,<0.111.0>,
                                  #Ref<0.3610098256.3973054465.233201>}
[error_logger:info,2020-03-27T19:45:36.655Z,babysitter_of_ns_1@cb.local:error_logger<0.32.0>:ale_error_logger_handler:do_log:203]
=========================PROGRESS REPORT=========================
          supervisor: {local,kernel_safe_sup}
             started: [{pid,<0.113.0>},
                       {id,timer2_server},
                       {mfargs,{timer2,start_link,[]}},
                       {restart_type,permanent},
                       {shutdown,1000},
                       {child_type,worker}]

[ns_server:info,2020-03-27T19:45:36.856Z,babysitter_of_ns_1@cb.local:<0.108.0>:ns_port_server:log:224]ns_server<0.108.0>: working as port

[ns_server:debug,2020-03-27T19:45:37.419Z,babysitter_of_ns_1@cb.local:ns_ports_manager<0.110.0>:ns_ports_manager:handle_call:88]New list of children is received: [memcached,saslauthd_port,goxdcr]
[ns_server:info,2020-03-27T19:45:37.422Z,babysitter_of_ns_1@cb.local:ns_ports_manager<0.110.0>:ns_child_ports_sup:launch_port:94]supervising port: {memcached,"/opt/couchbase/bin/memcached",
                             ["-C",
                              "/opt/couchbase/var/lib/couchbase/config/memcached.json"],
                             [{env,[{"EVENT_NOSELECT","1"},
                                    {"MEMCACHED_TOP_KEYS","5"},
                                    {"CBSASL_PWFILE",
                                     "/opt/couchbase/var/lib/couchbase/isasl.pw"}]},
                              use_stdio,stderr_to_stdout,exit_status,
                              port_server_dont_start,stream]}
[ns_server:debug,2020-03-27T19:45:37.422Z,babysitter_of_ns_1@cb.local:<0.115.0>:supervisor_cushion:init:39]starting ns_port_server with delay of 5000
[ns_server:debug,2020-03-27T19:45:37.422Z,babysitter_of_ns_1@cb.local:<0.114.0>:restartable:start_child:98]Started child process <0.115.0>
  MFA: {supervisor_cushion,start_link,
                           [memcached,5000,infinity,ns_port_server,start_link,
                            [#Fun<ns_child_ports_sup.4.69815219>]]}
[ns_server:info,2020-03-27T19:45:37.423Z,babysitter_of_ns_1@cb.local:ns_ports_manager<0.110.0>:ns_child_ports_sup:launch_port:94]supervising port: {saslauthd_port,"/opt/couchbase/bin/saslauthd-port",[],
                      [use_stdio,exit_status,stderr_to_stdout,
                       {env,
                           [{"GOTRACEBACK","single"},
                            {"CBAUTH_REVRPC_URL",
                             <<40,91,37,30,87,212,131,127,178,107,139,140,
                               159,40,185,60,251,142,90,86,50,193,114,129,
                               202,84,117,85,47,172,228,119>>}]}]}
[error_logger:info,2020-03-27T19:45:37.423Z,babysitter_of_ns_1@cb.local:error_logger<0.32.0>:ale_error_logger_handler:do_log:203]
=========================PROGRESS REPORT=========================
          supervisor: {local,ns_child_ports_sup}
             started: [{pid,<0.114.0>},
                       {id,{memcached,"/opt/couchbase/bin/memcached",
                               ["-C",
                                "/opt/couchbase/var/lib/couchbase/config/memcached.json"],
                               [{env,
                                    [{"EVENT_NOSELECT","1"},
                                     {"MEMCACHED_TOP_KEYS","5"},
                                     {"CBSASL_PWFILE",
                                      "/opt/couchbase/var/lib/couchbase/isasl.pw"}]},
                                use_stdio,stderr_to_stdout,exit_status,
                                port_server_dont_start,stream]}},
                       {mfargs,
                           {restartable,start_link,
                               [{supervisor_cushion,start_link,
                                    [memcached,5000,infinity,ns_port_server,
                                     start_link,
                                     [#Fun<ns_child_ports_sup.4.69815219>]]},
                                86400000]}},
                       {restart_type,permanent},
                       {shutdown,infinity},
                       {child_type,worker}]

[ns_server:debug,2020-03-27T19:45:37.423Z,babysitter_of_ns_1@cb.local:<0.118.0>:supervisor_cushion:init:39]starting ns_port_server with delay of 5000
[ns_server:debug,2020-03-27T19:45:37.423Z,babysitter_of_ns_1@cb.local:<0.117.0>:restartable:start_child:98]Started child process <0.118.0>
  MFA: {supervisor_cushion,start_link,
                           [saslauthd_port,5000,infinity,ns_port_server,
                            start_link,
                            [#Fun<ns_child_ports_sup.4.69815219>]]}
[ns_server:info,2020-03-27T19:45:37.423Z,babysitter_of_ns_1@cb.local:ns_ports_manager<0.110.0>:ns_child_ports_sup:launch_port:94]supervising port: {goxdcr,"/opt/couchbase/bin/goxdcr",
                          ["-sourceKVAdminPort=8091","-xdcrRestPort=9998",
                           "-isEnterprise=true","-ipv6=false"],
                          [via_goport,exit_status,stderr_to_stdout,
                           {env,[{"GOTRACEBACK","single"},
                                 {"CBAUTH_REVRPC_URL",
                                  <<253,199,125,78,122,179,69,53,95,153,166,
                                    86,89,36,143,232,39,29,38,19,10,86,143,
                                    121,252,125,207,51,195,127,85,117>>}]},
                           {log,"goxdcr.log"}]}
[error_logger:info,2020-03-27T19:45:37.424Z,babysitter_of_ns_1@cb.local:error_logger<0.32.0>:ale_error_logger_handler:do_log:203]
=========================PROGRESS REPORT=========================
          supervisor: {local,ns_child_ports_sup}
             started: [{pid,<0.117.0>},
                       {id,{saslauthd_port,
                               "/opt/couchbase/bin/saslauthd-port",[],
                               [use_stdio,exit_status,stderr_to_stdout,
                                {env,
                                    [{"GOTRACEBACK","single"},
                                     {"CBAUTH_REVRPC_URL",
                                      <<40,91,37,30,87,212,131,127,178,
                                        107,139,140,159,40,185,60,251,
                                        142,90,86,50,193,114,129,202,84,
                                        117,85,47,172,228,119>>}]}]}},
                       {mfargs,
                           {restartable,start_link,
                               [{supervisor_cushion,start_link,
                                    [saslauthd_port,5000,infinity,
                                     ns_port_server,start_link,
                                     [#Fun<ns_child_ports_sup.4.69815219>]]},
                                86400000]}},
                       {restart_type,permanent},
                       {shutdown,infinity},
                       {child_type,worker}]

[ns_server:debug,2020-03-27T19:45:37.424Z,babysitter_of_ns_1@cb.local:<0.121.0>:supervisor_cushion:init:39]starting ns_port_server with delay of 5000
[error_logger:info,2020-03-27T19:45:37.456Z,babysitter_of_ns_1@cb.local:error_logger<0.32.0>:ale_error_logger_handler:do_log:203]
=========================PROGRESS REPORT=========================
          supervisor: {local,ale_dynamic_sup}
             started: [{pid,<0.123.0>},
                       {id,'sink-goxdcr'},
                       {mfargs,
                        {ale_dynamic_sup,delay_death,
                         [{ale_disk_sink,start_link,
                           ['sink-goxdcr',
                            "/opt/couchbase/var/lib/couchbase/logs/goxdcr.log",
                            [{rotation,
                              [{compress,true},
                               {size,41943040},
                               {num_files,10},
                               {buffer_size_max,52428800}]}]]},
                          1000]}},
                       {restart_type,permanent},
                       {shutdown,5000},
                       {child_type,worker}]

[ns_server:debug,2020-03-27T19:45:37.626Z,babysitter_of_ns_1@cb.local:<0.120.0>:restartable:start_child:98]Started child process <0.121.0>
  MFA: {supervisor_cushion,start_link,
                           [goxdcr,5000,infinity,ns_port_server,start_link,
                            [#Fun<ns_child_ports_sup.4.69815219>]]}
[error_logger:info,2020-03-27T19:45:37.626Z,babysitter_of_ns_1@cb.local:error_logger<0.32.0>:ale_error_logger_handler:do_log:203]
=========================PROGRESS REPORT=========================
          supervisor: {local,ns_child_ports_sup}
             started: [{pid,<0.120.0>},
                       {id,{goxdcr,"/opt/couchbase/bin/goxdcr",
                               ["-sourceKVAdminPort=8091",
                                "-xdcrRestPort=9998","-isEnterprise=true",
                                "-ipv6=false"],
                               [via_goport,exit_status,stderr_to_stdout,
                                {env,
                                    [{"GOTRACEBACK","single"},
                                     {"CBAUTH_REVRPC_URL",
                                      <<253,199,125,78,122,179,69,53,95,153,
                                        166,86,89,36,143,232,39,29,38,19,10,
                                        86,143,121,252,125,207,51,195,127,
                                        85,117>>}]},
                                {log,"goxdcr.log"}]}},
                       {mfargs,
                           {restartable,start_link,
                               [{supervisor_cushion,start_link,
                                    [goxdcr,5000,infinity,ns_port_server,
                                     start_link,
                                     [#Fun<ns_child_ports_sup.4.69815219>]]},
                                86400000]}},
                       {restart_type,permanent},
                       {shutdown,infinity},
                       {child_type,worker}]

[ns_server:info,2020-03-27T19:45:37.961Z,babysitter_of_ns_1@cb.local:<0.116.0>:ns_port_server:log:224]memcached<0.116.0>: set_mempolicy: Operation not permitted

[ns_server:info,2020-03-27T19:45:38.432Z,babysitter_of_ns_1@cb.local:<0.108.0>:ns_port_server:log:224]ns_server<0.108.0>: 142: Booted. Waiting for shutdown request

[ns_server:debug,2020-03-27T19:47:05.236Z,babysitter_of_ns_1@cb.local:cb_dist<0.54.0>:cb_dist:info_msg:754]cb_dist: Connection down: {con,#Ref<0.3610098256.3973054465.233198>,
                               inet_tcp_dist,<0.111.0>,
                               #Ref<0.3610098256.3973054465.233201>}
[error_logger:info,2020-03-27T19:47:05.236Z,babysitter_of_ns_1@cb.local:error_logger<0.32.0>:ale_error_logger_handler:do_log:203]
=========================INFO REPORT=========================
{net_kernel,{'EXIT',<0.111.0>,connection_closed}}
[ns_server:debug,2020-03-27T19:47:05.296Z,babysitter_of_ns_1@cb.local:cb_dist<0.54.0>:cb_dist:info_msg:754]cb_dist: Accepted new connection from <0.58.0>: {con,
                                                 #Ref<0.3610098256.3973054465.233519>,
                                                 inet_tcp_dist,undefined,
                                                 undefined}
[ns_server:debug,2020-03-27T19:47:05.296Z,babysitter_of_ns_1@cb.local:net_kernel<0.57.0>:cb_dist:info_msg:754]cb_dist: Accepting connection from acceptor <0.58.0> using module inet_tcp_dist
[ns_server:debug,2020-03-27T19:47:05.296Z,babysitter_of_ns_1@cb.local:cb_dist<0.54.0>:cb_dist:info_msg:754]cb_dist: Updated connection: {con,#Ref<0.3610098256.3973054465.233519>,
                                  inet_tcp_dist,<0.157.0>,
                                  #Ref<0.3610098256.3973054465.233521>}
[ns_server:debug,2020-03-27T19:47:05.575Z,babysitter_of_ns_1@cb.local:ns_ports_manager<0.110.0>:ns_ports_manager:handle_call:72]Restart of port xdcr_proxy is requested
[ns_server:debug,2020-03-27T19:47:05.575Z,babysitter_of_ns_1@cb.local:ns_ports_manager<0.110.0>:ns_ports_manager:handle_call:76]Port xdcr_proxy is not found. Nothing to restart
[ns_server:debug,2020-03-27T19:47:05.612Z,babysitter_of_ns_1@cb.local:ns_ports_manager<0.110.0>:ns_ports_manager:handle_call:88]New list of children is received: [memcached,saslauthd_port,goxdcr]
[ns_server:info,2020-03-27T20:03:30.562Z,babysitter_of_ns_1@cb.local:<0.92.0>:ns_babysitter:init_logging:123]Brought up babysitter logging
[ns_server:info,2020-03-27T20:03:30.582Z,babysitter_of_ns_1@cb.local:<0.92.0>:ns_babysitter:log_pending:88]Static config terms:
[{error_logger_mf_dir,"/opt/couchbase/var/lib/couchbase/logs"},
 {path_config_bindir,"/opt/couchbase/bin"},
 {path_config_etcdir,"/opt/couchbase/etc/couchbase"},
 {path_config_libdir,"/opt/couchbase/lib"},
 {path_config_datadir,"/opt/couchbase/var/lib/couchbase"},
 {path_config_tmpdir,"/opt/couchbase/var/lib/couchbase/tmp"},
 {path_config_secdir,"/opt/couchbase/etc/security"},
 {nodefile,"/opt/couchbase/var/lib/couchbase/couchbase-server.node"},
 {loglevel_default,debug},
 {loglevel_couchdb,info},
 {loglevel_ns_server,debug},
 {loglevel_error_logger,debug},
 {loglevel_user,debug},
 {loglevel_menelaus,debug},
 {loglevel_ns_doctor,debug},
 {loglevel_stats,debug},
 {loglevel_rebalance,debug},
 {loglevel_cluster,debug},
 {loglevel_views,debug},
 {loglevel_mapreduce_errors,debug},
 {loglevel_xdcr,debug},
 {loglevel_access,info},
 {loglevel_cbas,debug},
 {disk_sink_opts,[{rotation,[{compress,true},
                             {size,41943040},
                             {num_files,10},
                             {buffer_size_max,52428800}]}]},
 {disk_sink_opts_json_rpc,[{rotation,[{compress,true},
                                      {size,41943040},
                                      {num_files,2},
                                      {buffer_size_max,52428800}]}]},
 {net_kernel_verbosity,10}]
[ns_server:debug,2020-03-27T20:03:30.586Z,babysitter_of_ns_1@cb.local:<0.92.0>:dist_manager:configure_net_kernel:293]Set net_kernel vebosity to 10 -> 0
[ns_server:info,2020-03-27T20:03:30.604Z,babysitter_of_ns_1@cb.local:<0.92.0>:ns_babysitter:start:62]babysitter cookie: fcdee983a34641f1ecb237cf173a2676db4eb0c8149ac628460d2699fb783594

[ns_server:info,2020-03-27T20:03:30.650Z,babysitter_of_ns_1@cb.local:<0.92.0>:ns_babysitter:maybe_write_file:78]Saved babysitter cookie to /opt/couchbase/var/lib/couchbase/couchbase-server.babysitter.cookie
[ns_server:info,2020-03-27T20:03:30.687Z,babysitter_of_ns_1@cb.local:<0.92.0>:ns_babysitter:maybe_write_file:78]Saved babysitter node name to /opt/couchbase/var/lib/couchbase/couchbase-server.babysitter.node
[ns_server:info,2020-03-27T20:03:30.696Z,babysitter_of_ns_1@cb.local:ns_crash_log<0.102.0>:ns_crash_log:init:57]crash_log path: /opt/couchbase/var/lib/couchbase/logs/crash_log_v2.bin
[ns_server:warn,2020-03-27T20:03:30.699Z,babysitter_of_ns_1@cb.local:ns_crash_log<0.102.0>:ns_crash_log:read_crash_log:148]Couldn't load crash_log from /opt/couchbase/var/lib/couchbase/logs/crash_log_v2.bin (perhaps it's first startup): {error,
                                                                                                                   enoent}
[error_logger:info,2020-03-27T20:03:30.699Z,babysitter_of_ns_1@cb.local:error_logger<0.32.0>:ale_error_logger_handler:do_log:203]
=========================PROGRESS REPORT=========================
          supervisor: {local,ns_babysitter_sup}
             started: [{pid,<0.102.0>},
                       {id,ns_crash_log},
                       {mfargs,{ns_crash_log,start_link,[]}},
                       {restart_type,permanent},
                       {shutdown,1000},
                       {child_type,worker}]

[ns_server:debug,2020-03-27T20:03:30.703Z,babysitter_of_ns_1@cb.local:encryption_service<0.103.0>:encryption_service:init:157]Encrypted data key retrieved from "/opt/couchbase/var/lib/couchbase/config/encrypted_data_keys"
[ns_server:debug,2020-03-27T20:03:30.703Z,babysitter_of_ns_1@cb.local:<0.104.0>:encryption_service:start_gosecrets:251]Starting "/opt/couchbase/bin/gosecrets"
[ns_server:debug,2020-03-27T20:03:30.704Z,babysitter_of_ns_1@cb.local:encryption_service<0.103.0>:encryption_service:start_gosecrets:256]Gosecrets loop started with pid = <0.104.0>
[ns_server:debug,2020-03-27T20:03:30.704Z,babysitter_of_ns_1@cb.local:encryption_service<0.103.0>:encryption_service:set_password:140]Sending password to gosecrets
[error_logger:info,2020-03-27T20:03:30.711Z,babysitter_of_ns_1@cb.local:error_logger<0.32.0>:ale_error_logger_handler:do_log:203]
=========================PROGRESS REPORT=========================
          supervisor: {local,ns_babysitter_sup}
             started: [{pid,<0.103.0>},
                       {id,encryption_service},
                       {mfargs,{encryption_service,start_link,[]}},
                       {restart_type,permanent},
                       {shutdown,1000},
                       {child_type,worker}]

[ns_server:debug,2020-03-27T20:03:30.824Z,babysitter_of_ns_1@cb.local:<0.107.0>:supervisor_cushion:init:39]starting ns_port_server with delay of 5000
[ns_server:debug,2020-03-27T20:03:30.828Z,babysitter_of_ns_1@cb.local:<0.106.0>:restartable:start_child:98]Started child process <0.107.0>
  MFA: {supervisor_cushion,start_link,
                           [ns_server,5000,infinity,ns_port_server,start_link,
                            [#Fun<ns_child_ports_sup.4.69815219>]]}
[error_logger:info,2020-03-27T20:03:30.829Z,babysitter_of_ns_1@cb.local:error_logger<0.32.0>:ale_error_logger_handler:do_log:203]
=========================PROGRESS REPORT=========================
          supervisor: {local,child_ns_server_sup}
             started: [{pid,<0.106.0>},
                       {id,{ns_server,"/opt/couchbase/lib/erlang/bin/erl",
                               ["+A","16","-smp","enable","+sbt","u","+P",
                                "327680","+K","true","+swt","low","+sbwt",
                                "none","+MMmcs","30","+e102400","-setcookie",
                                "nocookie","-kernel","error_logger","false",
                                "-sasl","sasl_error_logger","false","-user",
                                "user_io","-run","child_erlang","child_start",
                                "ns_bootstrap","--","-smp","enable","-kernel",
                                "error_logger","false","inetrc",
                                "\"/opt/couchbase/etc/couchbase/hosts.cfg\"",
                                "dist_config_file",
                                "\"/opt/couchbase/var/lib/couchbase/config/dist_cfg\"",
                                "-proto_dist","cb","-epmd_module","cb_epmd",
                                "-ssl_dist_optfile",
                                "/opt/couchbase/etc/couchbase/ssl_dist_opts",
                                "-kernel","global_enable_tracing","false",
                                "-couch_ini",
                                "/opt/couchbase/etc/couchdb/default.ini",
                                "/opt/couchbase/etc/couchdb/default.d/capi.ini",
                                "/opt/couchbase/etc/couchdb/default.d/geocouch.ini",
                                "/opt/couchbase/etc/couchdb/local.ini"],
                               [{env,
                                    [{"NS_SERVER_BABYSITTER_COOKIE",
                                      "fcdee983a34641f1ecb237cf173a2676db4eb0c8149ac628460d2699fb783594"},
                                     {"NS_SERVER_BABYSITTER_PID","41"},
                                     {"CHILD_ERLANG_ENV_ARGS",
                                      "[{sasl,\n     [{included_applications,[]},{sasl_error_logger,false},{errlog_type,all}]},\n {ns_babysitter,\n     [{cookiefile,\n          \"/opt/couchbase/var/lib/couchbase/couchbase-server.babysitter.cookie\"},\n      {pidfile,\"/opt/couchbase/var/lib/couchbase/couchbase-server.pid\"},\n      {included_applications,[]},\n      {nodefile,\n          \"/opt/couchbase/var/lib/couchbase/couchbase-server.babysitter.node\"}]},\n {ns_server,\n     [{loglevel_views,debug},\n      {max_r,20},\n      {loglevel_xdcr,debug},\n      {nodefile,\"/opt/couchbase/var/lib/couchbase/couchbase-server.node\"},\n      {path_config_etcdir,\"/opt/couchbase/etc/couchbase\"},\n      {loglevel_access,info},\n      {loglevel_cluster,debug},\n      {disk_sink_opts_json_rpc,\n          [{rotation,\n               [{compress,true},\n                {size,41943040},\n                {num_files,2},\n                {buffer_size_max,52428800}]}]},\n      {config_path,\"/opt/couchbase/etc/couchbase/static_config\"},\n      {path_config_datadir,\"/opt/couchbase/var/lib/couchbase\"},\n      {disk_sink_opts,\n          [{rotation,\n               [{compress,true},\n                {size,41943040},\n                {num_files,10},\n                {buffer_size_max,52428800}]}]},\n      {loglevel_rebalance,debug},\n      {loglevel_cbas,debug},\n      {net_kernel_verbosity,10},\n      {loglevel_default,debug},\n      {path_config_libdir,\"/opt/couchbase/lib\"},\n      {loglevel_ns_doctor,debug},\n      {loglevel_user,debug},\n      {loglevel_menelaus,debug},\n      {path_config_bindir,\"/opt/couchbase/bin\"},\n      {path_config_secdir,\"/opt/couchbase/etc/security\"},\n      {loglevel_ns_server,debug},\n      {loglevel_couchdb,info},\n      {loglevel_mapreduce_errors,debug},\n      {included_applications,[]},\n      {loglevel_stats,debug},\n      {error_logger_mf_dir,\"/opt/couchbase/var/lib/couchbase/logs\"},\n      {max_t,10},\n      {loglevel_error_logger,debug},\n      {path_config_tmpdir,\"/opt/couchbase/var/lib/couchbase/tmp\"}]}]"},
                                     {"ERL_CRASH_DUMP",
                                      "erl_crash.dump.1585339407.41.ns_server"}]},
                                exit_status,use_stdio,stream,eof]}},
                       {mfargs,
                           {restartable,start_link,
                               [{supervisor_cushion,start_link,
                                    [ns_server,5000,infinity,ns_port_server,
                                     start_link,
                                     [#Fun<ns_child_ports_sup.4.69815219>]]},
                                86400000]}},
                       {restart_type,permanent},
                       {shutdown,infinity},
                       {child_type,worker}]

[error_logger:info,2020-03-27T20:03:30.829Z,babysitter_of_ns_1@cb.local:error_logger<0.32.0>:ale_error_logger_handler:do_log:203]
=========================PROGRESS REPORT=========================
          supervisor: {local,ns_babysitter_sup}
             started: [{pid,<0.105.0>},
                       {id,child_ns_server_sup},
                       {mfargs,{child_ns_server_sup,start_link,[]}},
                       {restart_type,permanent},
                       {shutdown,infinity},
                       {child_type,supervisor}]

[error_logger:info,2020-03-27T20:03:30.829Z,babysitter_of_ns_1@cb.local:error_logger<0.32.0>:ale_error_logger_handler:do_log:203]
=========================PROGRESS REPORT=========================
          supervisor: {local,ns_babysitter_sup}
             started: [{pid,<0.109.0>},
                       {id,ns_child_ports_sup},
                       {mfargs,{ns_child_ports_sup,start_link,[]}},
                       {restart_type,permanent},
                       {shutdown,infinity},
                       {child_type,supervisor}]

[error_logger:info,2020-03-27T20:03:30.833Z,babysitter_of_ns_1@cb.local:error_logger<0.32.0>:ale_error_logger_handler:do_log:203]
=========================PROGRESS REPORT=========================
          supervisor: {local,ns_babysitter_sup}
             started: [{pid,<0.110.0>},
                       {id,ns_ports_manager},
                       {mfargs,{ns_ports_manager,start_link,[]}},
                       {restart_type,permanent},
                       {shutdown,1000},
                       {child_type,worker}]

[ns_server:info,2020-03-27T20:03:30.833Z,babysitter_of_ns_1@cb.local:<0.5.0>:ns_babysitter_bootstrap:start:26]41: babysitter has started
[error_logger:info,2020-03-27T20:03:30.833Z,babysitter_of_ns_1@cb.local:error_logger<0.32.0>:ale_error_logger_handler:do_log:203]
=========================PROGRESS REPORT=========================
         application: ns_babysitter
          started_at: 'babysitter_of_ns_1@cb.local'

[ns_server:debug,2020-03-27T20:03:33.025Z,babysitter_of_ns_1@cb.local:cb_dist<0.54.0>:cb_dist:info_msg:754]cb_dist: Accepted new connection from <0.58.0>: {con,
                                                 #Ref<0.1592468655.2096365569.196773>,
                                                 inet_tcp_dist,undefined,
                                                 undefined}
[ns_server:debug,2020-03-27T20:03:33.025Z,babysitter_of_ns_1@cb.local:net_kernel<0.57.0>:cb_dist:info_msg:754]cb_dist: Accepting connection from acceptor <0.58.0> using module inet_tcp_dist
[ns_server:debug,2020-03-27T20:03:33.025Z,babysitter_of_ns_1@cb.local:cb_dist<0.54.0>:cb_dist:info_msg:754]cb_dist: Updated connection: {con,#Ref<0.1592468655.2096365569.196773>,
                                  inet_tcp_dist,<0.111.0>,
                                  #Ref<0.1592468655.2096365569.196776>}
[error_logger:info,2020-03-27T20:03:36.333Z,babysitter_of_ns_1@cb.local:error_logger<0.32.0>:ale_error_logger_handler:do_log:203]
=========================PROGRESS REPORT=========================
          supervisor: {local,kernel_safe_sup}
             started: [{pid,<0.113.0>},
                       {id,timer2_server},
                       {mfargs,{timer2,start_link,[]}},
                       {restart_type,permanent},
                       {shutdown,1000},
                       {child_type,worker}]

[ns_server:info,2020-03-27T20:03:36.533Z,babysitter_of_ns_1@cb.local:<0.108.0>:ns_port_server:log:224]ns_server<0.108.0>: working as port

[ns_server:debug,2020-03-27T20:03:36.955Z,babysitter_of_ns_1@cb.local:ns_ports_manager<0.110.0>:ns_ports_manager:handle_call:88]New list of children is received: [memcached,saslauthd_port,goxdcr]
[ns_server:info,2020-03-27T20:03:36.965Z,babysitter_of_ns_1@cb.local:ns_ports_manager<0.110.0>:ns_child_ports_sup:launch_port:94]supervising port: {memcached,"/opt/couchbase/bin/memcached",
                             ["-C",
                              "/opt/couchbase/var/lib/couchbase/config/memcached.json"],
                             [{env,[{"EVENT_NOSELECT","1"},
                                    {"MEMCACHED_TOP_KEYS","5"},
                                    {"CBSASL_PWFILE",
                                     "/opt/couchbase/var/lib/couchbase/isasl.pw"}]},
                              use_stdio,stderr_to_stdout,exit_status,
                              port_server_dont_start,stream]}
[ns_server:debug,2020-03-27T20:03:36.965Z,babysitter_of_ns_1@cb.local:<0.115.0>:supervisor_cushion:init:39]starting ns_port_server with delay of 5000
[ns_server:debug,2020-03-27T20:03:36.965Z,babysitter_of_ns_1@cb.local:<0.114.0>:restartable:start_child:98]Started child process <0.115.0>
  MFA: {supervisor_cushion,start_link,
                           [memcached,5000,infinity,ns_port_server,start_link,
                            [#Fun<ns_child_ports_sup.4.69815219>]]}
[ns_server:info,2020-03-27T20:03:36.965Z,babysitter_of_ns_1@cb.local:ns_ports_manager<0.110.0>:ns_child_ports_sup:launch_port:94]supervising port: {saslauthd_port,"/opt/couchbase/bin/saslauthd-port",[],
                      [use_stdio,exit_status,stderr_to_stdout,
                       {env,
                           [{"GOTRACEBACK","single"},
                            {"CBAUTH_REVRPC_URL",
                             <<40,91,37,30,87,212,131,127,178,107,139,140,
                               159,40,185,60,251,142,90,86,50,193,114,129,
                               202,84,117,85,47,172,228,119>>}]}]}
[error_logger:info,2020-03-27T20:03:36.965Z,babysitter_of_ns_1@cb.local:error_logger<0.32.0>:ale_error_logger_handler:do_log:203]
=========================PROGRESS REPORT=========================
          supervisor: {local,ns_child_ports_sup}
             started: [{pid,<0.114.0>},
                       {id,{memcached,"/opt/couchbase/bin/memcached",
                               ["-C",
                                "/opt/couchbase/var/lib/couchbase/config/memcached.json"],
                               [{env,
                                    [{"EVENT_NOSELECT","1"},
                                     {"MEMCACHED_TOP_KEYS","5"},
                                     {"CBSASL_PWFILE",
                                      "/opt/couchbase/var/lib/couchbase/isasl.pw"}]},
                                use_stdio,stderr_to_stdout,exit_status,
                                port_server_dont_start,stream]}},
                       {mfargs,
                           {restartable,start_link,
                               [{supervisor_cushion,start_link,
                                    [memcached,5000,infinity,ns_port_server,
                                     start_link,
                                     [#Fun<ns_child_ports_sup.4.69815219>]]},
                                86400000]}},
                       {restart_type,permanent},
                       {shutdown,infinity},
                       {child_type,worker}]

[ns_server:debug,2020-03-27T20:03:36.965Z,babysitter_of_ns_1@cb.local:<0.118.0>:supervisor_cushion:init:39]starting ns_port_server with delay of 5000
[ns_server:debug,2020-03-27T20:03:36.966Z,babysitter_of_ns_1@cb.local:<0.117.0>:restartable:start_child:98]Started child process <0.118.0>
  MFA: {supervisor_cushion,start_link,
                           [saslauthd_port,5000,infinity,ns_port_server,
                            start_link,
                            [#Fun<ns_child_ports_sup.4.69815219>]]}
[ns_server:info,2020-03-27T20:03:36.966Z,babysitter_of_ns_1@cb.local:ns_ports_manager<0.110.0>:ns_child_ports_sup:launch_port:94]supervising port: {goxdcr,"/opt/couchbase/bin/goxdcr",
                          ["-sourceKVAdminPort=8091","-xdcrRestPort=9998",
                           "-isEnterprise=true","-ipv6=false"],
                          [via_goport,exit_status,stderr_to_stdout,
                           {env,[{"GOTRACEBACK","single"},
                                 {"CBAUTH_REVRPC_URL",
                                  <<253,199,125,78,122,179,69,53,95,153,166,
                                    86,89,36,143,232,39,29,38,19,10,86,143,
                                    121,252,125,207,51,195,127,85,117>>}]},
                           {log,"goxdcr.log"}]}
[error_logger:info,2020-03-27T20:03:36.966Z,babysitter_of_ns_1@cb.local:error_logger<0.32.0>:ale_error_logger_handler:do_log:203]
=========================PROGRESS REPORT=========================
          supervisor: {local,ns_child_ports_sup}
             started: [{pid,<0.117.0>},
                       {id,{saslauthd_port,
                               "/opt/couchbase/bin/saslauthd-port",[],
                               [use_stdio,exit_status,stderr_to_stdout,
                                {env,
                                    [{"GOTRACEBACK","single"},
                                     {"CBAUTH_REVRPC_URL",
                                      <<40,91,37,30,87,212,131,127,178,
                                        107,139,140,159,40,185,60,251,
                                        142,90,86,50,193,114,129,202,84,
                                        117,85,47,172,228,119>>}]}]}},
                       {mfargs,
                           {restartable,start_link,
                               [{supervisor_cushion,start_link,
                                    [saslauthd_port,5000,infinity,
                                     ns_port_server,start_link,
                                     [#Fun<ns_child_ports_sup.4.69815219>]]},
                                86400000]}},
                       {restart_type,permanent},
                       {shutdown,infinity},
                       {child_type,worker}]

[ns_server:debug,2020-03-27T20:03:36.968Z,babysitter_of_ns_1@cb.local:<0.121.0>:supervisor_cushion:init:39]starting ns_port_server with delay of 5000
[error_logger:info,2020-03-27T20:03:37.002Z,babysitter_of_ns_1@cb.local:error_logger<0.32.0>:ale_error_logger_handler:do_log:203]
=========================PROGRESS REPORT=========================
          supervisor: {local,ale_dynamic_sup}
             started: [{pid,<0.123.0>},
                       {id,'sink-goxdcr'},
                       {mfargs,
                        {ale_dynamic_sup,delay_death,
                         [{ale_disk_sink,start_link,
                           ['sink-goxdcr',
                            "/opt/couchbase/var/lib/couchbase/logs/goxdcr.log",
                            [{rotation,
                              [{compress,true},
                               {size,41943040},
                               {num_files,10},
                               {buffer_size_max,52428800}]}]]},
                          1000]}},
                       {restart_type,permanent},
                       {shutdown,5000},
                       {child_type,worker}]

[ns_server:debug,2020-03-27T20:03:37.177Z,babysitter_of_ns_1@cb.local:<0.120.0>:restartable:start_child:98]Started child process <0.121.0>
  MFA: {supervisor_cushion,start_link,
                           [goxdcr,5000,infinity,ns_port_server,start_link,
                            [#Fun<ns_child_ports_sup.4.69815219>]]}
[error_logger:info,2020-03-27T20:03:37.182Z,babysitter_of_ns_1@cb.local:error_logger<0.32.0>:ale_error_logger_handler:do_log:203]
=========================PROGRESS REPORT=========================
          supervisor: {local,ns_child_ports_sup}
             started: [{pid,<0.120.0>},
                       {id,{goxdcr,"/opt/couchbase/bin/goxdcr",
                               ["-sourceKVAdminPort=8091",
                                "-xdcrRestPort=9998","-isEnterprise=true",
                                "-ipv6=false"],
                               [via_goport,exit_status,stderr_to_stdout,
                                {env,
                                    [{"GOTRACEBACK","single"},
                                     {"CBAUTH_REVRPC_URL",
                                      <<253,199,125,78,122,179,69,53,95,153,
                                        166,86,89,36,143,232,39,29,38,19,10,
                                        86,143,121,252,125,207,51,195,127,
                                        85,117>>}]},
                                {log,"goxdcr.log"}]}},
                       {mfargs,
                           {restartable,start_link,
                               [{supervisor_cushion,start_link,
                                    [goxdcr,5000,infinity,ns_port_server,
                                     start_link,
                                     [#Fun<ns_child_ports_sup.4.69815219>]]},
                                86400000]}},
                       {restart_type,permanent},
                       {shutdown,infinity},
                       {child_type,worker}]

[ns_server:info,2020-03-27T20:03:37.598Z,babysitter_of_ns_1@cb.local:<0.116.0>:ns_port_server:log:224]memcached<0.116.0>: set_mempolicy: Operation not permitted

[ns_server:info,2020-03-27T20:03:37.995Z,babysitter_of_ns_1@cb.local:<0.108.0>:ns_port_server:log:224]ns_server<0.108.0>: 141: Booted. Waiting for shutdown request

[ns_server:info,2020-03-27T20:37:36.916Z,babysitter_of_ns_1@cb.local:<0.92.0>:ns_babysitter:init_logging:123]Brought up babysitter logging
[ns_server:info,2020-03-27T20:37:36.930Z,babysitter_of_ns_1@cb.local:<0.92.0>:ns_babysitter:log_pending:88]Static config terms:
[{error_logger_mf_dir,"/opt/couchbase/var/lib/couchbase/logs"},
 {path_config_bindir,"/opt/couchbase/bin"},
 {path_config_etcdir,"/opt/couchbase/etc/couchbase"},
 {path_config_libdir,"/opt/couchbase/lib"},
 {path_config_datadir,"/opt/couchbase/var/lib/couchbase"},
 {path_config_tmpdir,"/opt/couchbase/var/lib/couchbase/tmp"},
 {path_config_secdir,"/opt/couchbase/etc/security"},
 {nodefile,"/opt/couchbase/var/lib/couchbase/couchbase-server.node"},
 {loglevel_default,debug},
 {loglevel_couchdb,info},
 {loglevel_ns_server,debug},
 {loglevel_error_logger,debug},
 {loglevel_user,debug},
 {loglevel_menelaus,debug},
 {loglevel_ns_doctor,debug},
 {loglevel_stats,debug},
 {loglevel_rebalance,debug},
 {loglevel_cluster,debug},
 {loglevel_views,debug},
 {loglevel_mapreduce_errors,debug},
 {loglevel_xdcr,debug},
 {loglevel_access,info},
 {loglevel_cbas,debug},
 {disk_sink_opts,[{rotation,[{compress,true},
                             {size,41943040},
                             {num_files,10},
                             {buffer_size_max,52428800}]}]},
 {disk_sink_opts_json_rpc,[{rotation,[{compress,true},
                                      {size,41943040},
                                      {num_files,2},
                                      {buffer_size_max,52428800}]}]},
 {net_kernel_verbosity,10}]
[ns_server:debug,2020-03-27T20:37:36.932Z,babysitter_of_ns_1@cb.local:<0.92.0>:dist_manager:configure_net_kernel:293]Set net_kernel vebosity to 10 -> 0
[ns_server:info,2020-03-27T20:37:36.938Z,babysitter_of_ns_1@cb.local:<0.92.0>:ns_babysitter:start:62]babysitter cookie: '4446e400b5de418d86471166c9ee622be46026e795bf788823a856db34baf72a'

[ns_server:info,2020-03-27T20:37:36.981Z,babysitter_of_ns_1@cb.local:<0.92.0>:ns_babysitter:maybe_write_file:78]Saved babysitter cookie to /opt/couchbase/var/lib/couchbase/couchbase-server.babysitter.cookie
[ns_server:info,2020-03-27T20:37:37.010Z,babysitter_of_ns_1@cb.local:<0.92.0>:ns_babysitter:maybe_write_file:78]Saved babysitter node name to /opt/couchbase/var/lib/couchbase/couchbase-server.babysitter.node
[ns_server:info,2020-03-27T20:37:37.022Z,babysitter_of_ns_1@cb.local:ns_crash_log<0.102.0>:ns_crash_log:init:57]crash_log path: /opt/couchbase/var/lib/couchbase/logs/crash_log_v2.bin
[ns_server:warn,2020-03-27T20:37:37.025Z,babysitter_of_ns_1@cb.local:ns_crash_log<0.102.0>:ns_crash_log:read_crash_log:148]Couldn't load crash_log from /opt/couchbase/var/lib/couchbase/logs/crash_log_v2.bin (perhaps it's first startup): {error,
                                                                                                                   enoent}
[error_logger:info,2020-03-27T20:37:37.025Z,babysitter_of_ns_1@cb.local:error_logger<0.32.0>:ale_error_logger_handler:do_log:203]
=========================PROGRESS REPORT=========================
          supervisor: {local,ns_babysitter_sup}
             started: [{pid,<0.102.0>},
                       {id,ns_crash_log},
                       {mfargs,{ns_crash_log,start_link,[]}},
                       {restart_type,permanent},
                       {shutdown,1000},
                       {child_type,worker}]

[ns_server:debug,2020-03-27T20:37:37.032Z,babysitter_of_ns_1@cb.local:encryption_service<0.103.0>:encryption_service:init:157]Encrypted data key retrieved from "/opt/couchbase/var/lib/couchbase/config/encrypted_data_keys"
[ns_server:debug,2020-03-27T20:37:37.033Z,babysitter_of_ns_1@cb.local:<0.104.0>:encryption_service:start_gosecrets:251]Starting "/opt/couchbase/bin/gosecrets"
[ns_server:debug,2020-03-27T20:37:37.033Z,babysitter_of_ns_1@cb.local:encryption_service<0.103.0>:encryption_service:start_gosecrets:256]Gosecrets loop started with pid = <0.104.0>
[ns_server:debug,2020-03-27T20:37:37.033Z,babysitter_of_ns_1@cb.local:encryption_service<0.103.0>:encryption_service:set_password:140]Sending password to gosecrets
[error_logger:info,2020-03-27T20:37:37.039Z,babysitter_of_ns_1@cb.local:error_logger<0.32.0>:ale_error_logger_handler:do_log:203]
=========================PROGRESS REPORT=========================
          supervisor: {local,ns_babysitter_sup}
             started: [{pid,<0.103.0>},
                       {id,encryption_service},
                       {mfargs,{encryption_service,start_link,[]}},
                       {restart_type,permanent},
                       {shutdown,1000},
                       {child_type,worker}]

[ns_server:debug,2020-03-27T20:37:37.106Z,babysitter_of_ns_1@cb.local:<0.107.0>:supervisor_cushion:init:39]starting ns_port_server with delay of 5000
[ns_server:debug,2020-03-27T20:37:37.109Z,babysitter_of_ns_1@cb.local:<0.106.0>:restartable:start_child:98]Started child process <0.107.0>
  MFA: {supervisor_cushion,start_link,
                           [ns_server,5000,infinity,ns_port_server,start_link,
                            [#Fun<ns_child_ports_sup.4.69815219>]]}
[error_logger:info,2020-03-27T20:37:37.110Z,babysitter_of_ns_1@cb.local:error_logger<0.32.0>:ale_error_logger_handler:do_log:203]
=========================PROGRESS REPORT=========================
          supervisor: {local,child_ns_server_sup}
             started: [{pid,<0.106.0>},
                       {id,{ns_server,"/opt/couchbase/lib/erlang/bin/erl",
                               ["+A","16","-smp","enable","+sbt","u","+P",
                                "327680","+K","true","+swt","low","+sbwt",
                                "none","+MMmcs","30","+e102400","-setcookie",
                                "nocookie","-kernel","error_logger","false",
                                "-sasl","sasl_error_logger","false","-user",
                                "user_io","-run","child_erlang","child_start",
                                "ns_bootstrap","--","-smp","enable","-kernel",
                                "error_logger","false","inetrc",
                                "\"/opt/couchbase/etc/couchbase/hosts.cfg\"",
                                "dist_config_file",
                                "\"/opt/couchbase/var/lib/couchbase/config/dist_cfg\"",
                                "-proto_dist","cb","-epmd_module","cb_epmd",
                                "-ssl_dist_optfile",
                                "/opt/couchbase/etc/couchbase/ssl_dist_opts",
                                "-kernel","global_enable_tracing","false",
                                "-couch_ini",
                                "/opt/couchbase/etc/couchdb/default.ini",
                                "/opt/couchbase/etc/couchdb/default.d/capi.ini",
                                "/opt/couchbase/etc/couchdb/default.d/geocouch.ini",
                                "/opt/couchbase/etc/couchdb/local.ini"],
                               [{env,
                                    [{"NS_SERVER_BABYSITTER_COOKIE",
                                      "4446e400b5de418d86471166c9ee622be46026e795bf788823a856db34baf72a"},
                                     {"NS_SERVER_BABYSITTER_PID","41"},
                                     {"CHILD_ERLANG_ENV_ARGS",
                                      "[{sasl,\n     [{included_applications,[]},{sasl_error_logger,false},{errlog_type,all}]},\n {ns_babysitter,\n     [{cookiefile,\n          \"/opt/couchbase/var/lib/couchbase/couchbase-server.babysitter.cookie\"},\n      {pidfile,\"/opt/couchbase/var/lib/couchbase/couchbase-server.pid\"},\n      {included_applications,[]},\n      {nodefile,\n          \"/opt/couchbase/var/lib/couchbase/couchbase-server.babysitter.node\"}]},\n {ns_server,\n     [{loglevel_views,debug},\n      {max_r,20},\n      {loglevel_xdcr,debug},\n      {nodefile,\"/opt/couchbase/var/lib/couchbase/couchbase-server.node\"},\n      {path_config_etcdir,\"/opt/couchbase/etc/couchbase\"},\n      {loglevel_access,info},\n      {loglevel_cluster,debug},\n      {disk_sink_opts_json_rpc,\n          [{rotation,\n               [{compress,true},\n                {size,41943040},\n                {num_files,2},\n                {buffer_size_max,52428800}]}]},\n      {config_path,\"/opt/couchbase/etc/couchbase/static_config\"},\n      {path_config_datadir,\"/opt/couchbase/var/lib/couchbase\"},\n      {disk_sink_opts,\n          [{rotation,\n               [{compress,true},\n                {size,41943040},\n                {num_files,10},\n                {buffer_size_max,52428800}]}]},\n      {loglevel_rebalance,debug},\n      {loglevel_cbas,debug},\n      {net_kernel_verbosity,10},\n      {loglevel_default,debug},\n      {path_config_libdir,\"/opt/couchbase/lib\"},\n      {loglevel_ns_doctor,debug},\n      {loglevel_user,debug},\n      {loglevel_menelaus,debug},\n      {path_config_bindir,\"/opt/couchbase/bin\"},\n      {path_config_secdir,\"/opt/couchbase/etc/security\"},\n      {loglevel_ns_server,debug},\n      {loglevel_couchdb,info},\n      {loglevel_mapreduce_errors,debug},\n      {included_applications,[]},\n      {loglevel_stats,debug},\n      {error_logger_mf_dir,\"/opt/couchbase/var/lib/couchbase/logs\"},\n      {max_t,10},\n      {loglevel_error_logger,debug},\n      {path_config_tmpdir,\"/opt/couchbase/var/lib/couchbase/tmp\"}]}]"},
                                     {"ERL_CRASH_DUMP",
                                      "erl_crash.dump.1585341454.41.ns_server"}]},
                                exit_status,use_stdio,stream,eof]}},
                       {mfargs,
                           {restartable,start_link,
                               [{supervisor_cushion,start_link,
                                    [ns_server,5000,infinity,ns_port_server,
                                     start_link,
                                     [#Fun<ns_child_ports_sup.4.69815219>]]},
                                86400000]}},
                       {restart_type,permanent},
                       {shutdown,infinity},
                       {child_type,worker}]

[error_logger:info,2020-03-27T20:37:37.111Z,babysitter_of_ns_1@cb.local:error_logger<0.32.0>:ale_error_logger_handler:do_log:203]
=========================PROGRESS REPORT=========================
          supervisor: {local,ns_babysitter_sup}
             started: [{pid,<0.105.0>},
                       {id,child_ns_server_sup},
                       {mfargs,{child_ns_server_sup,start_link,[]}},
                       {restart_type,permanent},
                       {shutdown,infinity},
                       {child_type,supervisor}]

[error_logger:info,2020-03-27T20:37:37.111Z,babysitter_of_ns_1@cb.local:error_logger<0.32.0>:ale_error_logger_handler:do_log:203]
=========================PROGRESS REPORT=========================
          supervisor: {local,ns_babysitter_sup}
             started: [{pid,<0.109.0>},
                       {id,ns_child_ports_sup},
                       {mfargs,{ns_child_ports_sup,start_link,[]}},
                       {restart_type,permanent},
                       {shutdown,infinity},
                       {child_type,supervisor}]

[error_logger:info,2020-03-27T20:37:37.112Z,babysitter_of_ns_1@cb.local:error_logger<0.32.0>:ale_error_logger_handler:do_log:203]
=========================PROGRESS REPORT=========================
          supervisor: {local,ns_babysitter_sup}
             started: [{pid,<0.110.0>},
                       {id,ns_ports_manager},
                       {mfargs,{ns_ports_manager,start_link,[]}},
                       {restart_type,permanent},
                       {shutdown,1000},
                       {child_type,worker}]

[ns_server:info,2020-03-27T20:37:37.112Z,babysitter_of_ns_1@cb.local:<0.5.0>:ns_babysitter_bootstrap:start:26]41: babysitter has started
[error_logger:info,2020-03-27T20:37:37.113Z,babysitter_of_ns_1@cb.local:error_logger<0.32.0>:ale_error_logger_handler:do_log:203]
=========================PROGRESS REPORT=========================
         application: ns_babysitter
          started_at: 'babysitter_of_ns_1@cb.local'

[ns_server:debug,2020-03-27T20:37:38.915Z,babysitter_of_ns_1@cb.local:cb_dist<0.54.0>:cb_dist:info_msg:754]cb_dist: Accepted new connection from <0.58.0>: {con,
                                                 #Ref<0.3912638188.1832910849.258519>,
                                                 inet_tcp_dist,undefined,
                                                 undefined}
[ns_server:debug,2020-03-27T20:37:38.915Z,babysitter_of_ns_1@cb.local:net_kernel<0.57.0>:cb_dist:info_msg:754]cb_dist: Accepting connection from acceptor <0.58.0> using module inet_tcp_dist
[ns_server:debug,2020-03-27T20:37:38.916Z,babysitter_of_ns_1@cb.local:cb_dist<0.54.0>:cb_dist:info_msg:754]cb_dist: Updated connection: {con,#Ref<0.3912638188.1832910849.258519>,
                                  inet_tcp_dist,<0.111.0>,
                                  #Ref<0.3912638188.1832910849.258522>}
[error_logger:info,2020-03-27T20:37:41.745Z,babysitter_of_ns_1@cb.local:error_logger<0.32.0>:ale_error_logger_handler:do_log:203]
=========================PROGRESS REPORT=========================
          supervisor: {local,kernel_safe_sup}
             started: [{pid,<0.113.0>},
                       {id,timer2_server},
                       {mfargs,{timer2,start_link,[]}},
                       {restart_type,permanent},
                       {shutdown,1000},
                       {child_type,worker}]

[ns_server:info,2020-03-27T20:37:41.946Z,babysitter_of_ns_1@cb.local:<0.108.0>:ns_port_server:log:224]ns_server<0.108.0>: working as port

[ns_server:debug,2020-03-27T20:37:42.195Z,babysitter_of_ns_1@cb.local:ns_ports_manager<0.110.0>:ns_ports_manager:handle_call:88]New list of children is received: [memcached,saslauthd_port,goxdcr]
[ns_server:info,2020-03-27T20:37:42.200Z,babysitter_of_ns_1@cb.local:ns_ports_manager<0.110.0>:ns_child_ports_sup:launch_port:94]supervising port: {memcached,"/opt/couchbase/bin/memcached",
                             ["-C",
                              "/opt/couchbase/var/lib/couchbase/config/memcached.json"],
                             [{env,[{"EVENT_NOSELECT","1"},
                                    {"MEMCACHED_TOP_KEYS","5"},
                                    {"CBSASL_PWFILE",
                                     "/opt/couchbase/var/lib/couchbase/isasl.pw"}]},
                              use_stdio,stderr_to_stdout,exit_status,
                              port_server_dont_start,stream]}
[ns_server:debug,2020-03-27T20:37:42.200Z,babysitter_of_ns_1@cb.local:<0.115.0>:supervisor_cushion:init:39]starting ns_port_server with delay of 5000
[ns_server:debug,2020-03-27T20:37:42.200Z,babysitter_of_ns_1@cb.local:<0.114.0>:restartable:start_child:98]Started child process <0.115.0>
  MFA: {supervisor_cushion,start_link,
                           [memcached,5000,infinity,ns_port_server,start_link,
                            [#Fun<ns_child_ports_sup.4.69815219>]]}
[ns_server:info,2020-03-27T20:37:42.200Z,babysitter_of_ns_1@cb.local:ns_ports_manager<0.110.0>:ns_child_ports_sup:launch_port:94]supervising port: {saslauthd_port,"/opt/couchbase/bin/saslauthd-port",[],
                      [use_stdio,exit_status,stderr_to_stdout,
                       {env,
                           [{"GOTRACEBACK","single"},
                            {"CBAUTH_REVRPC_URL",
                             <<40,91,37,30,87,212,131,127,178,107,139,140,
                               159,40,185,60,251,142,90,86,50,193,114,129,
                               202,84,117,85,47,172,228,119>>}]}]}
[error_logger:info,2020-03-27T20:37:42.200Z,babysitter_of_ns_1@cb.local:error_logger<0.32.0>:ale_error_logger_handler:do_log:203]
=========================PROGRESS REPORT=========================
          supervisor: {local,ns_child_ports_sup}
             started: [{pid,<0.114.0>},
                       {id,{memcached,"/opt/couchbase/bin/memcached",
                               ["-C",
                                "/opt/couchbase/var/lib/couchbase/config/memcached.json"],
                               [{env,
                                    [{"EVENT_NOSELECT","1"},
                                     {"MEMCACHED_TOP_KEYS","5"},
                                     {"CBSASL_PWFILE",
                                      "/opt/couchbase/var/lib/couchbase/isasl.pw"}]},
                                use_stdio,stderr_to_stdout,exit_status,
                                port_server_dont_start,stream]}},
                       {mfargs,
                           {restartable,start_link,
                               [{supervisor_cushion,start_link,
                                    [memcached,5000,infinity,ns_port_server,
                                     start_link,
                                     [#Fun<ns_child_ports_sup.4.69815219>]]},
                                86400000]}},
                       {restart_type,permanent},
                       {shutdown,infinity},
                       {child_type,worker}]

[ns_server:debug,2020-03-27T20:37:42.201Z,babysitter_of_ns_1@cb.local:<0.118.0>:supervisor_cushion:init:39]starting ns_port_server with delay of 5000
[ns_server:debug,2020-03-27T20:37:42.201Z,babysitter_of_ns_1@cb.local:<0.117.0>:restartable:start_child:98]Started child process <0.118.0>
  MFA: {supervisor_cushion,start_link,
                           [saslauthd_port,5000,infinity,ns_port_server,
                            start_link,
                            [#Fun<ns_child_ports_sup.4.69815219>]]}
[ns_server:info,2020-03-27T20:37:42.201Z,babysitter_of_ns_1@cb.local:ns_ports_manager<0.110.0>:ns_child_ports_sup:launch_port:94]supervising port: {goxdcr,"/opt/couchbase/bin/goxdcr",
                          ["-sourceKVAdminPort=8091","-xdcrRestPort=9998",
                           "-isEnterprise=true","-ipv6=false"],
                          [via_goport,exit_status,stderr_to_stdout,
                           {env,[{"GOTRACEBACK","single"},
                                 {"CBAUTH_REVRPC_URL",
                                  <<253,199,125,78,122,179,69,53,95,153,166,
                                    86,89,36,143,232,39,29,38,19,10,86,143,
                                    121,252,125,207,51,195,127,85,117>>}]},
                           {log,"goxdcr.log"}]}
[error_logger:info,2020-03-27T20:37:42.201Z,babysitter_of_ns_1@cb.local:error_logger<0.32.0>:ale_error_logger_handler:do_log:203]
=========================PROGRESS REPORT=========================
          supervisor: {local,ns_child_ports_sup}
             started: [{pid,<0.117.0>},
                       {id,{saslauthd_port,
                               "/opt/couchbase/bin/saslauthd-port",[],
                               [use_stdio,exit_status,stderr_to_stdout,
                                {env,
                                    [{"GOTRACEBACK","single"},
                                     {"CBAUTH_REVRPC_URL",
                                      <<40,91,37,30,87,212,131,127,178,
                                        107,139,140,159,40,185,60,251,
                                        142,90,86,50,193,114,129,202,84,
                                        117,85,47,172,228,119>>}]}]}},
                       {mfargs,
                           {restartable,start_link,
                               [{supervisor_cushion,start_link,
                                    [saslauthd_port,5000,infinity,
                                     ns_port_server,start_link,
                                     [#Fun<ns_child_ports_sup.4.69815219>]]},
                                86400000]}},
                       {restart_type,permanent},
                       {shutdown,infinity},
                       {child_type,worker}]

[ns_server:debug,2020-03-27T20:37:42.202Z,babysitter_of_ns_1@cb.local:<0.121.0>:supervisor_cushion:init:39]starting ns_port_server with delay of 5000
[error_logger:info,2020-03-27T20:37:42.208Z,babysitter_of_ns_1@cb.local:error_logger<0.32.0>:ale_error_logger_handler:do_log:203]
=========================PROGRESS REPORT=========================
          supervisor: {local,ale_dynamic_sup}
             started: [{pid,<0.123.0>},
                       {id,'sink-goxdcr'},
                       {mfargs,
                        {ale_dynamic_sup,delay_death,
                         [{ale_disk_sink,start_link,
                           ['sink-goxdcr',
                            "/opt/couchbase/var/lib/couchbase/logs/goxdcr.log",
                            [{rotation,
                              [{compress,true},
                               {size,41943040},
                               {num_files,10},
                               {buffer_size_max,52428800}]}]]},
                          1000]}},
                       {restart_type,permanent},
                       {shutdown,5000},
                       {child_type,worker}]

[ns_server:debug,2020-03-27T20:37:42.303Z,babysitter_of_ns_1@cb.local:<0.120.0>:restartable:start_child:98]Started child process <0.121.0>
  MFA: {supervisor_cushion,start_link,
                           [goxdcr,5000,infinity,ns_port_server,start_link,
                            [#Fun<ns_child_ports_sup.4.69815219>]]}
[error_logger:info,2020-03-27T20:37:42.304Z,babysitter_of_ns_1@cb.local:error_logger<0.32.0>:ale_error_logger_handler:do_log:203]
=========================PROGRESS REPORT=========================
          supervisor: {local,ns_child_ports_sup}
             started: [{pid,<0.120.0>},
                       {id,{goxdcr,"/opt/couchbase/bin/goxdcr",
                               ["-sourceKVAdminPort=8091",
                                "-xdcrRestPort=9998","-isEnterprise=true",
                                "-ipv6=false"],
                               [via_goport,exit_status,stderr_to_stdout,
                                {env,
                                    [{"GOTRACEBACK","single"},
                                     {"CBAUTH_REVRPC_URL",
                                      <<253,199,125,78,122,179,69,53,95,153,
                                        166,86,89,36,143,232,39,29,38,19,10,
                                        86,143,121,252,125,207,51,195,127,
                                        85,117>>}]},
                                {log,"goxdcr.log"}]}},
                       {mfargs,
                           {restartable,start_link,
                               [{supervisor_cushion,start_link,
                                    [goxdcr,5000,infinity,ns_port_server,
                                     start_link,
                                     [#Fun<ns_child_ports_sup.4.69815219>]]},
                                86400000]}},
                       {restart_type,permanent},
                       {shutdown,infinity},
                       {child_type,worker}]

[ns_server:info,2020-03-27T20:37:42.595Z,babysitter_of_ns_1@cb.local:<0.116.0>:ns_port_server:log:224]memcached<0.116.0>: set_mempolicy: Operation not permitted

[ns_server:info,2020-03-27T20:37:42.806Z,babysitter_of_ns_1@cb.local:<0.108.0>:ns_port_server:log:224]ns_server<0.108.0>: 141: Booted. Waiting for shutdown request

[ns_server:debug,2020-03-27T20:38:37.640Z,babysitter_of_ns_1@cb.local:ns_ports_manager<0.110.0>:ns_ports_manager:handle_call:88]New list of children is received: [memcached,saslauthd_port,indexer,projector,
                                   goxdcr,query,fts,eventing]
[ns_server:info,2020-03-27T20:38:37.666Z,babysitter_of_ns_1@cb.local:ns_ports_manager<0.110.0>:ns_child_ports_sup:launch_port:94]supervising port: {indexer,"/opt/couchbase/bin/indexer",
                           ["-adminPort=9100","-scanPort=9101",
                            "-httpPort=9102","-streamInitPort=9103",
                            "-streamCatchupPort=9104","-streamMaintPort=9105",
                            "--httpsPort=19102",
                            "--certFile=/opt/couchbase/var/lib/couchbase/config/memcached-cert.pem",
                            "--keyFile=/opt/couchbase/var/lib/couchbase/config/memcached-key.pem",
                            "-vbuckets=1024","-cluster=127.0.0.1:8091",
                            "-storageDir=/opt/couchbase/var/lib/couchbase/data/@2i",
                            "-diagDir=/opt/couchbase/var/lib/couchbase/crash",
                            "-nodeUUID=60a6bc3db77e6c7b91c556140dcfec71",
                            "-ipv6=false","-isEnterprise=true"],
                           [via_goport,exit_status,stderr_to_stdout,
                            {env,[{"GOTRACEBACK","single"},
                                  {"CBAUTH_REVRPC_URL",
                                   <<123,27,151,208,57,89,175,206,22,87,223,
                                     253,115,110,252,128,114,20,228,103,177,
                                     116,65,196,246,10,140,109,29,116,52,225>>}]},
                            {log,"indexer.log"}]}
[ns_server:debug,2020-03-27T20:38:37.667Z,babysitter_of_ns_1@cb.local:<0.157.0>:supervisor_cushion:init:39]starting ns_port_server with delay of 5000
[error_logger:info,2020-03-27T20:38:37.677Z,babysitter_of_ns_1@cb.local:error_logger<0.32.0>:ale_error_logger_handler:do_log:203]
=========================PROGRESS REPORT=========================
          supervisor: {local,ale_dynamic_sup}
             started: [{pid,<0.159.0>},
                       {id,'sink-indexer'},
                       {mfargs,
                        {ale_dynamic_sup,delay_death,
                         [{ale_disk_sink,start_link,
                           ['sink-indexer',
                            "/opt/couchbase/var/lib/couchbase/logs/indexer.log",
                            [{rotation,
                              [{compress,true},
                               {size,41943040},
                               {num_files,10},
                               {buffer_size_max,52428800}]}]]},
                          1000]}},
                       {restart_type,permanent},
                       {shutdown,5000},
                       {child_type,worker}]

[ns_server:debug,2020-03-27T20:38:37.800Z,babysitter_of_ns_1@cb.local:<0.156.0>:restartable:start_child:98]Started child process <0.157.0>
  MFA: {supervisor_cushion,start_link,
                           [indexer,5000,infinity,ns_port_server,start_link,
                            [#Fun<ns_child_ports_sup.4.69815219>]]}
[ns_server:info,2020-03-27T20:38:37.800Z,babysitter_of_ns_1@cb.local:ns_ports_manager<0.110.0>:ns_child_ports_sup:launch_port:94]supervising port: {projector,"/opt/couchbase/bin/projector",
                             ["--httpsPort=9999",
                              "--certFile=/opt/couchbase/var/lib/couchbase/config/memcached-cert.pem",
                              "--keyFile=/opt/couchbase/var/lib/couchbase/config/memcached-key.pem",
                              "-kvaddrs=127.0.0.1:11210","-adminport=:9999",
                              "-diagDir=/opt/couchbase/var/lib/couchbase/crash",
                              "-ipv6=false","127.0.0.1:8091"],
                             [via_goport,exit_status,stderr_to_stdout,
                              {env,[{"GOTRACEBACK","single"},
                                    {"CBAUTH_REVRPC_URL",
                                     <<1,105,52,241,132,108,98,228,243,54,
                                       181,0,19,73,89,78,74,122,184,120,76,
                                       123,248,156,165,59,193,67,17,49,187,
                                       174>>}]},
                              {log,"projector.log"}]}
[error_logger:info,2020-03-27T20:38:37.801Z,babysitter_of_ns_1@cb.local:error_logger<0.32.0>:ale_error_logger_handler:do_log:203]
=========================PROGRESS REPORT=========================
          supervisor: {local,ns_child_ports_sup}
             started: [{pid,<0.156.0>},
                       {id,{indexer,"/opt/couchbase/bin/indexer",
                               ["-adminPort=9100","-scanPort=9101",
                                "-httpPort=9102","-streamInitPort=9103",
                                "-streamCatchupPort=9104",
                                "-streamMaintPort=9105","--httpsPort=19102",
                                "--certFile=/opt/couchbase/var/lib/couchbase/config/memcached-cert.pem",
                                "--keyFile=/opt/couchbase/var/lib/couchbase/config/memcached-key.pem",
                                "-vbuckets=1024","-cluster=127.0.0.1:8091",
                                "-storageDir=/opt/couchbase/var/lib/couchbase/data/@2i",
                                "-diagDir=/opt/couchbase/var/lib/couchbase/crash",
                                "-nodeUUID=60a6bc3db77e6c7b91c556140dcfec71",
                                "-ipv6=false","-isEnterprise=true"],
                               [via_goport,exit_status,stderr_to_stdout,
                                {env,
                                    [{"GOTRACEBACK","single"},
                                     {"CBAUTH_REVRPC_URL",
                                      <<123,27,151,208,57,89,175,206,22,87,
                                        223,253,115,110,252,128,114,20,228,
                                        103,177,116,65,196,246,10,140,109,
                                        29,116,52,225>>}]},
                                {log,"indexer.log"}]}},
                       {mfargs,
                           {restartable,start_link,
                               [{supervisor_cushion,start_link,
                                    [indexer,5000,infinity,ns_port_server,
                                     start_link,
                                     [#Fun<ns_child_ports_sup.4.69815219>]]},
                                86400000]}},
                       {restart_type,permanent},
                       {shutdown,infinity},
                       {child_type,worker}]

[ns_server:debug,2020-03-27T20:38:37.801Z,babysitter_of_ns_1@cb.local:<0.166.0>:supervisor_cushion:init:39]starting ns_port_server with delay of 5000
[error_logger:info,2020-03-27T20:38:37.824Z,babysitter_of_ns_1@cb.local:error_logger<0.32.0>:ale_error_logger_handler:do_log:203]
=========================PROGRESS REPORT=========================
          supervisor: {local,ale_dynamic_sup}
             started: [{pid,<0.168.0>},
                       {id,'sink-projector'},
                       {mfargs,
                        {ale_dynamic_sup,delay_death,
                         [{ale_disk_sink,start_link,
                           ['sink-projector',
                            "/opt/couchbase/var/lib/couchbase/logs/projector.log",
                            [{rotation,
                              [{compress,true},
                               {size,41943040},
                               {num_files,10},
                               {buffer_size_max,52428800}]}]]},
                          1000]}},
                       {restart_type,permanent},
                       {shutdown,5000},
                       {child_type,worker}]

[ns_server:debug,2020-03-27T20:38:37.899Z,babysitter_of_ns_1@cb.local:<0.165.0>:restartable:start_child:98]Started child process <0.166.0>
  MFA: {supervisor_cushion,start_link,
                           [projector,5000,infinity,ns_port_server,start_link,
                            [#Fun<ns_child_ports_sup.4.69815219>]]}
[ns_server:info,2020-03-27T20:38:37.899Z,babysitter_of_ns_1@cb.local:ns_ports_manager<0.110.0>:ns_child_ports_sup:launch_port:94]supervising port: {query,"/opt/couchbase/bin/cbq-engine",
                         ["--datastore=http://127.0.0.1:8091","--http=:8093",
                          "--configstore=http://127.0.0.1:8091",
                          "--enterprise=true","--ipv6=false","--https=:18093",
                          "--certfile=/opt/couchbase/var/lib/couchbase/config/memcached-cert.pem",
                          "--keyfile=/opt/couchbase/var/lib/couchbase/config/memcached-key.pem"],
                         [via_goport,exit_status,stderr_to_stdout,
                          {env,[{"GOTRACEBACK","single"},
                                {"CBAUTH_REVRPC_URL",
                                 <<247,211,123,181,17,188,83,22,22,96,45,74,
                                   46,217,169,17,95,6,169,253,183,48,189,
                                   162,151,195,159,44,223,22,134,124>>}]},
                          {log,"query.log"}]}
[error_logger:info,2020-03-27T20:38:37.899Z,babysitter_of_ns_1@cb.local:error_logger<0.32.0>:ale_error_logger_handler:do_log:203]
=========================PROGRESS REPORT=========================
          supervisor: {local,ns_child_ports_sup}
             started: [{pid,<0.165.0>},
                       {id,{projector,"/opt/couchbase/bin/projector",
                               ["--httpsPort=9999",
                                "--certFile=/opt/couchbase/var/lib/couchbase/config/memcached-cert.pem",
                                "--keyFile=/opt/couchbase/var/lib/couchbase/config/memcached-key.pem",
                                "-kvaddrs=127.0.0.1:11210","-adminport=:9999",
                                "-diagDir=/opt/couchbase/var/lib/couchbase/crash",
                                "-ipv6=false","127.0.0.1:8091"],
                               [via_goport,exit_status,stderr_to_stdout,
                                {env,
                                    [{"GOTRACEBACK","single"},
                                     {"CBAUTH_REVRPC_URL",
                                      <<1,105,52,241,132,108,98,228,243,54,
                                        181,0,19,73,89,78,74,122,184,120,76,
                                        123,248,156,165,59,193,67,17,49,187,
                                        174>>}]},
                                {log,"projector.log"}]}},
                       {mfargs,
                           {restartable,start_link,
                               [{supervisor_cushion,start_link,
                                    [projector,5000,infinity,ns_port_server,
                                     start_link,
                                     [#Fun<ns_child_ports_sup.4.69815219>]]},
                                86400000]}},
                       {restart_type,permanent},
                       {shutdown,infinity},
                       {child_type,worker}]

[ns_server:debug,2020-03-27T20:38:37.900Z,babysitter_of_ns_1@cb.local:<0.176.0>:supervisor_cushion:init:39]starting ns_port_server with delay of 5000
[error_logger:info,2020-03-27T20:38:37.912Z,babysitter_of_ns_1@cb.local:error_logger<0.32.0>:ale_error_logger_handler:do_log:203]
=========================PROGRESS REPORT=========================
          supervisor: {local,ale_dynamic_sup}
             started: [{pid,<0.178.0>},
                       {id,'sink-query'},
                       {mfargs,
                        {ale_dynamic_sup,delay_death,
                         [{ale_disk_sink,start_link,
                           ['sink-query',
                            "/opt/couchbase/var/lib/couchbase/logs/query.log",
                            [{rotation,
                              [{compress,true},
                               {size,41943040},
                               {num_files,10},
                               {buffer_size_max,52428800}]}]]},
                          1000]}},
                       {restart_type,permanent},
                       {shutdown,5000},
                       {child_type,worker}]

[ns_server:debug,2020-03-27T20:38:38.075Z,babysitter_of_ns_1@cb.local:<0.175.0>:restartable:start_child:98]Started child process <0.176.0>
  MFA: {supervisor_cushion,start_link,
                           [query,5000,infinity,ns_port_server,start_link,
                            [#Fun<ns_child_ports_sup.4.69815219>]]}
[ns_server:info,2020-03-27T20:38:38.075Z,babysitter_of_ns_1@cb.local:ns_ports_manager<0.110.0>:ns_child_ports_sup:launch_port:94]supervising port: {fts,"/opt/couchbase/bin/cbft",
                       ["-cfg=metakv",
                        "-uuid=60a6bc3db77e6c7b91c556140dcfec71",
                        "-server=http://127.0.0.1:8091",
                        "-dataDir=/opt/couchbase/var/lib/couchbase/data/@fts",
                        "-tags=feed,janitor,pindex,queryer,cbauth_service",
                        "-auth=cbauth","-extra=127.0.0.1:8091",
                        "-options=startCheckServer=skip,slowQueryLogTimeout=5s,defaultMaxPartitionsPerPIndex=171,bleveMaxResultWindow=10000,failoverAssignAllPrimaries=false,hideUI=true,cbaudit=true,ipv6=false,ftsMemoryQuota=262144000,maxReplicasAllowed=3,bucketTypesAllowed=membase:ephemeral,http2=true,vbuckets=1024",
                        "-bindHttp=127.0.0.1:8094,0.0.0.0:8094",
                        "-bindHttps=:18094",
                        "-tlsCertFile=/opt/couchbase/var/lib/couchbase/config/memcached-cert.pem",
                        "-tlsKeyFile=/opt/couchbase/var/lib/couchbase/config/memcached-key.pem",
                        "-bindGrpc=127.0.0.1:9130,0.0.0.0:9130",
                        "-bindGrpcSsl=127.0.0.1:19130,0.0.0.0:19130"],
                       [via_goport,exit_status,stderr_to_stdout,
                        {env,[{"GOTRACEBACK","single"},
                              {"CBAUTH_REVRPC_URL",
                               <<220,120,254,63,94,0,244,176,169,84,88,179,
                                 118,99,24,59,85,238,145,24,86,238,156,72,1,
                                 102,89,216,133,126,42,56>>}]},
                        {log,"fts.log"}]}
[error_logger:info,2020-03-27T20:38:38.075Z,babysitter_of_ns_1@cb.local:error_logger<0.32.0>:ale_error_logger_handler:do_log:203]
=========================PROGRESS REPORT=========================
          supervisor: {local,ns_child_ports_sup}
             started: [{pid,<0.175.0>},
                       {id,{query,"/opt/couchbase/bin/cbq-engine",
                               ["--datastore=http://127.0.0.1:8091",
                                "--http=:8093",
                                "--configstore=http://127.0.0.1:8091",
                                "--enterprise=true","--ipv6=false",
                                "--https=:18093",
                                "--certfile=/opt/couchbase/var/lib/couchbase/config/memcached-cert.pem",
                                "--keyfile=/opt/couchbase/var/lib/couchbase/config/memcached-key.pem"],
                               [via_goport,exit_status,stderr_to_stdout,
                                {env,
                                    [{"GOTRACEBACK","single"},
                                     {"CBAUTH_REVRPC_URL",
                                      <<247,211,123,181,17,188,83,22,22,96,
                                        45,74,46,217,169,17,95,6,169,253,
                                        183,48,189,162,151,195,159,44,223,
                                        22,134,124>>}]},
                                {log,"query.log"}]}},
                       {mfargs,
                           {restartable,start_link,
                               [{supervisor_cushion,start_link,
                                    [query,5000,infinity,ns_port_server,
                                     start_link,
                                     [#Fun<ns_child_ports_sup.4.69815219>]]},
                                86400000]}},
                       {restart_type,permanent},
                       {shutdown,infinity},
                       {child_type,worker}]

[ns_server:debug,2020-03-27T20:38:38.075Z,babysitter_of_ns_1@cb.local:<0.208.0>:supervisor_cushion:init:39]starting ns_port_server with delay of 5000
[error_logger:info,2020-03-27T20:38:38.110Z,babysitter_of_ns_1@cb.local:error_logger<0.32.0>:ale_error_logger_handler:do_log:203]
=========================PROGRESS REPORT=========================
          supervisor: {local,ale_dynamic_sup}
             started: [{pid,<0.210.0>},
                       {id,'sink-fts'},
                       {mfargs,
                        {ale_dynamic_sup,delay_death,
                         [{ale_disk_sink,start_link,
                           ['sink-fts',
                            "/opt/couchbase/var/lib/couchbase/logs/fts.log",
                            [{rotation,
                              [{compress,true},
                               {size,41943040},
                               {num_files,10},
                               {buffer_size_max,52428800}]}]]},
                          1000]}},
                       {restart_type,permanent},
                       {shutdown,5000},
                       {child_type,worker}]

[ns_server:debug,2020-03-27T20:38:38.208Z,babysitter_of_ns_1@cb.local:<0.207.0>:restartable:start_child:98]Started child process <0.208.0>
  MFA: {supervisor_cushion,start_link,
                           [fts,5000,infinity,ns_port_server,start_link,
                            [#Fun<ns_child_ports_sup.4.69815219>]]}
[ns_server:info,2020-03-27T20:38:38.209Z,babysitter_of_ns_1@cb.local:ns_ports_manager<0.110.0>:ns_child_ports_sup:launch_port:94]supervising port: {eventing,"/opt/couchbase/bin/eventing-producer",
                            ["-adminport=8096","-kvport=11210",
                             "-restport=8091","-debugPort=9140",
                             "-adminsslport=18096",
                             "-certfile=/opt/couchbase/var/lib/couchbase/config/memcached-cert.pem",
                             "-keyfile=/opt/couchbase/var/lib/couchbase/config/memcached-key.pem",
                             "-dir=/opt/couchbase/var/lib/couchbase/data/@eventing",
                             "-uuid=60a6bc3db77e6c7b91c556140dcfec71",
                             "-diagdir=/opt/couchbase/var/lib/couchbase/crash",
                             "-ipv6=false","-vbuckets=1024"],
                            [via_goport,exit_status,stderr_to_stdout,
                             {env,[{"GOTRACEBACK","single"},
                                   {"CBAUTH_REVRPC_URL",
                                    <<41,153,230,11,135,33,59,168,27,112,
                                      103,243,140,254,5,218,145,223,179,87,
                                      225,60,24,80,69,59,120,124,64,38,18,
                                      179>>}]},
                             {log,"eventing.log"}]}
[ns_server:debug,2020-03-27T20:38:38.210Z,babysitter_of_ns_1@cb.local:<0.259.0>:supervisor_cushion:init:39]starting ns_port_server with delay of 5000
[error_logger:info,2020-03-27T20:38:38.209Z,babysitter_of_ns_1@cb.local:error_logger<0.32.0>:ale_error_logger_handler:do_log:203]
=========================PROGRESS REPORT=========================
          supervisor: {local,ns_child_ports_sup}
             started: [{pid,<0.207.0>},
                       {id,{fts,"/opt/couchbase/bin/cbft",
                               ["-cfg=metakv",
                                "-uuid=60a6bc3db77e6c7b91c556140dcfec71",
                                "-server=http://127.0.0.1:8091",
                                "-dataDir=/opt/couchbase/var/lib/couchbase/data/@fts",
                                "-tags=feed,janitor,pindex,queryer,cbauth_service",
                                "-auth=cbauth","-extra=127.0.0.1:8091",
                                "-options=startCheckServer=skip,slowQueryLogTimeout=5s,defaultMaxPartitionsPerPIndex=171,bleveMaxResultWindow=10000,failoverAssignAllPrimaries=false,hideUI=true,cbaudit=true,ipv6=false,ftsMemoryQuota=262144000,maxReplicasAllowed=3,bucketTypesAllowed=membase:ephemeral,http2=true,vbuckets=1024",
                                "-bindHttp=127.0.0.1:8094,0.0.0.0:8094",
                                "-bindHttps=:18094",
                                "-tlsCertFile=/opt/couchbase/var/lib/couchbase/config/memcached-cert.pem",
                                "-tlsKeyFile=/opt/couchbase/var/lib/couchbase/config/memcached-key.pem",
                                "-bindGrpc=127.0.0.1:9130,0.0.0.0:9130",
                                "-bindGrpcSsl=127.0.0.1:19130,0.0.0.0:19130"],
                               [via_goport,exit_status,stderr_to_stdout,
                                {env,
                                    [{"GOTRACEBACK","single"},
                                     {"CBAUTH_REVRPC_URL",
                                      <<220,120,254,63,94,0,244,176,169,84,
                                        88,179,118,99,24,59,85,238,145,24,
                                        86,238,156,72,1,102,89,216,133,126,
                                        42,56>>}]},
                                {log,"fts.log"}]}},
                       {mfargs,
                           {restartable,start_link,
                               [{supervisor_cushion,start_link,
                                    [fts,5000,infinity,ns_port_server,
                                     start_link,
                                     [#Fun<ns_child_ports_sup.4.69815219>]]},
                                86400000]}},
                       {restart_type,permanent},
                       {shutdown,infinity},
                       {child_type,worker}]

[error_logger:info,2020-03-27T20:38:38.248Z,babysitter_of_ns_1@cb.local:error_logger<0.32.0>:ale_error_logger_handler:do_log:203]
=========================PROGRESS REPORT=========================
          supervisor: {local,ale_dynamic_sup}
             started: [{pid,<0.263.0>},
                       {id,'sink-eventing'},
                       {mfargs,
                        {ale_dynamic_sup,delay_death,
                         [{ale_disk_sink,start_link,
                           ['sink-eventing',
                            "/opt/couchbase/var/lib/couchbase/logs/eventing.log",
                            [{rotation,
                              [{compress,true},
                               {size,41943040},
                               {num_files,10},
                               {buffer_size_max,52428800}]}]]},
                          1000]}},
                       {restart_type,permanent},
                       {shutdown,5000},
                       {child_type,worker}]

[ns_server:debug,2020-03-27T20:38:38.310Z,babysitter_of_ns_1@cb.local:<0.258.0>:restartable:start_child:98]Started child process <0.259.0>
  MFA: {supervisor_cushion,start_link,
                           [eventing,5000,infinity,ns_port_server,start_link,
                            [#Fun<ns_child_ports_sup.4.69815219>]]}
[error_logger:info,2020-03-27T20:38:38.310Z,babysitter_of_ns_1@cb.local:error_logger<0.32.0>:ale_error_logger_handler:do_log:203]
=========================PROGRESS REPORT=========================
          supervisor: {local,ns_child_ports_sup}
             started: [{pid,<0.258.0>},
                       {id,{eventing,"/opt/couchbase/bin/eventing-producer",
                               ["-adminport=8096","-kvport=11210",
                                "-restport=8091","-debugPort=9140",
                                "-adminsslport=18096",
                                "-certfile=/opt/couchbase/var/lib/couchbase/config/memcached-cert.pem",
                                "-keyfile=/opt/couchbase/var/lib/couchbase/config/memcached-key.pem",
                                "-dir=/opt/couchbase/var/lib/couchbase/data/@eventing",
                                "-uuid=60a6bc3db77e6c7b91c556140dcfec71",
                                "-diagdir=/opt/couchbase/var/lib/couchbase/crash",
                                "-ipv6=false","-vbuckets=1024"],
                               [via_goport,exit_status,stderr_to_stdout,
                                {env,
                                    [{"GOTRACEBACK","single"},
                                     {"CBAUTH_REVRPC_URL",
                                      <<41,153,230,11,135,33,59,168,27,112,
                                        103,243,140,254,5,218,145,223,179,
                                        87,225,60,24,80,69,59,120,124,64,38,
                                        18,179>>}]},
                                {log,"eventing.log"}]}},
                       {mfargs,
                           {restartable,start_link,
                               [{supervisor_cushion,start_link,
                                    [eventing,5000,infinity,ns_port_server,
                                     start_link,
                                     [#Fun<ns_child_ports_sup.4.69815219>]]},
                                86400000]}},
                       {restart_type,permanent},
                       {shutdown,infinity},
                       {child_type,worker}]

[ns_server:info,2020-03-27T20:46:34.821Z,babysitter_of_ns_1@cb.local:<0.116.0>:ns_port_server:log:224]memcached<0.116.0>: 2020-03-27T20:46:34.620249+00:00 WARNING (HelloServiceBucket) Slow runtime for 'Warmup - completion' on thread reader_worker_2: 1907 us

