[couchdb:info,2020-03-27T19:45:36.265Z,couchdb_ns_1@cb.local:cb_couch_sup<0.137.0>:couch_log:info:41]Apache CouchDB has started on http://0.0.0.0:8092/
[couchdb:info,2020-03-27T19:46:35.983Z,couchdb_ns_1@cb.local:couch_query_logger<0.187.0>:couch_log:info:41]Query-Volume
---
[couchdb:info,2020-03-27T19:47:35.984Z,couchdb_ns_1@cb.local:couch_query_logger<0.187.0>:couch_log:info:41]Query-Volume
---
[couchdb:info,2020-03-27T19:48:35.987Z,couchdb_ns_1@cb.local:couch_query_logger<0.187.0>:couch_log:info:41]Query-Volume
---
[couchdb:info,2020-03-27T19:49:35.988Z,couchdb_ns_1@cb.local:couch_query_logger<0.187.0>:couch_log:info:41]Query-Volume
---
[couchdb:info,2020-03-27T19:50:35.990Z,couchdb_ns_1@cb.local:couch_query_logger<0.187.0>:couch_log:info:41]Query-Volume
---
[couchdb:info,2020-03-27T19:51:35.991Z,couchdb_ns_1@cb.local:couch_query_logger<0.187.0>:couch_log:info:41]Query-Volume
---
[couchdb:info,2020-03-27T19:52:35.992Z,couchdb_ns_1@cb.local:couch_query_logger<0.187.0>:couch_log:info:41]Query-Volume
---
[couchdb:info,2020-03-27T20:03:36.018Z,couchdb_ns_1@cb.local:cb_couch_sup<0.133.0>:couch_log:info:41]Apache CouchDB has started on http://0.0.0.0:8092/
[couchdb:info,2020-03-27T20:04:35.649Z,couchdb_ns_1@cb.local:couch_query_logger<0.183.0>:couch_log:info:41]Query-Volume
---
[couchdb:info,2020-03-27T20:05:35.650Z,couchdb_ns_1@cb.local:couch_query_logger<0.183.0>:couch_log:info:41]Query-Volume
---
[couchdb:info,2020-03-27T20:06:35.651Z,couchdb_ns_1@cb.local:couch_query_logger<0.183.0>:couch_log:info:41]Query-Volume
---
[couchdb:info,2020-03-27T20:07:35.652Z,couchdb_ns_1@cb.local:couch_query_logger<0.183.0>:couch_log:info:41]Query-Volume
---
[couchdb:info,2020-03-27T20:08:35.653Z,couchdb_ns_1@cb.local:couch_query_logger<0.183.0>:couch_log:info:41]Query-Volume
---
[couchdb:info,2020-03-27T20:09:35.655Z,couchdb_ns_1@cb.local:couch_query_logger<0.183.0>:couch_log:info:41]Query-Volume
---
[couchdb:info,2020-03-27T20:37:41.568Z,couchdb_ns_1@cb.local:cb_couch_sup<0.134.0>:couch_log:info:41]Apache CouchDB has started on http://0.0.0.0:8092/
[couchdb:info,2020-03-27T20:38:41.329Z,couchdb_ns_1@cb.local:couch_query_logger<0.184.0>:couch_log:info:41]Query-Volume
---
[couchdb:info,2020-03-27T20:39:41.332Z,couchdb_ns_1@cb.local:couch_query_logger<0.184.0>:couch_log:info:41]Query-Volume
---
[couchdb:info,2020-03-27T20:40:41.334Z,couchdb_ns_1@cb.local:couch_query_logger<0.184.0>:couch_log:info:41]Query-Volume
---
[couchdb:info,2020-03-27T20:41:41.336Z,couchdb_ns_1@cb.local:couch_query_logger<0.184.0>:couch_log:info:41]Query-Volume
---
[couchdb:info,2020-03-27T20:42:41.338Z,couchdb_ns_1@cb.local:couch_query_logger<0.184.0>:couch_log:info:41]Query-Volume
---
[couchdb:info,2020-03-27T20:43:41.338Z,couchdb_ns_1@cb.local:couch_query_logger<0.184.0>:couch_log:info:41]Query-Volume
---
[couchdb:info,2020-03-27T20:44:41.341Z,couchdb_ns_1@cb.local:couch_query_logger<0.184.0>:couch_log:info:41]Query-Volume
---
[couchdb:info,2020-03-27T20:45:41.341Z,couchdb_ns_1@cb.local:couch_query_logger<0.184.0>:couch_log:info:41]Query-Volume
---
[couchdb:info,2020-03-27T20:46:34.516Z,couchdb_ns_1@cb.local:<0.592.0>:couch_log:info:41]Deleting couch file "/opt/couchbase/var/lib/couchbase/data/HelloServiceBucket/master.couch.1.compact" with renaming it to "/opt/couchbase/var/lib/couchbase/data/.delete/e9ccf6edc277e3e4be2de0f31fef01cb"
[couchdb:info,2020-03-27T20:46:34.527Z,couchdb_ns_1@cb.local:<0.592.0>:couch_log:info:41]Deleting couch file "/opt/couchbase/var/lib/couchbase/data/HelloServiceBucket/master.couch.1.compact" with renaming it to "/opt/couchbase/var/lib/couchbase/data/.delete/acee32ac091509b14329ed6b97b35dae"
[couchdb:info,2020-03-27T20:46:34.581Z,couchdb_ns_1@cb.local:couch_view<0.231.0>:couch_log:info:41]Deleting couch file "/opt/couchbase/var/lib/couchbase/data/.HelloServiceBucket/master_temp" with renaming it to "/opt/couchbase/var/lib/couchbase/data/.delete/936d011cf31b2032ce3546daa15b6ae8"
[couchdb:info,2020-03-27T20:46:34.583Z,couchdb_ns_1@cb.local:couch_view<0.231.0>:couch_log:info:41]Deleting couch file "/opt/couchbase/var/lib/couchbase/data/.HelloServiceBucket/master_temp" with renaming it to "/opt/couchbase/var/lib/couchbase/data/.delete/ecc2cf69b633000bddd068f87fc461ed"
[couchdb:info,2020-03-27T20:46:41.342Z,couchdb_ns_1@cb.local:couch_query_logger<0.184.0>:couch_log:info:41]Query-Volume
---
[couchdb:info,2020-03-27T20:47:41.344Z,couchdb_ns_1@cb.local:couch_query_logger<0.184.0>:couch_log:info:41]Query-Volume
---
[couchdb:info,2020-03-27T20:48:41.345Z,couchdb_ns_1@cb.local:couch_query_logger<0.184.0>:couch_log:info:41]Query-Volume
---
